<?xml version="1.0" encoding="UTF-8"?>
<coverage generated="1780885199130" clover="3.2.0">
  <project timestamp="1780885199130" name="All files">
    <metrics statements="157" coveredstatements="157" conditionals="49" coveredconditionals="40" methods="45" coveredmethods="45" elements="251" coveredelements="242" complexity="0" loc="157" ncloc="157" packages="1" files="5" classes="5"/>
    <file name="ail-compiler.ts" path="C:\Users\linde\AppData\Local\Temp\julia-3.0-development\src\core\ail-compiler.ts">
      <metrics statements="19" coveredstatements="19" conditionals="2" coveredconditionals="1" methods="1" coveredmethods="1"/>
      <line num="6" count="6" type="stmt"/>
      <line num="8" count="6" type="stmt"/>
      <line num="10" count="6" type="stmt"/>
      <line num="22" count="6" type="stmt"/>
      <line num="34" count="6" type="stmt"/>
      <line num="42" count="6" type="stmt"/>
      <line num="44" count="51" type="cond" truecount="1" falsecount="1"/>
      <line num="45" count="51" type="stmt"/>
      <line num="46" count="51" type="stmt"/>
      <line num="47" count="51" type="stmt"/>
      <line num="48" count="51" type="stmt"/>
      <line num="50" count="51" type="stmt"/>
      <line num="58" count="51" type="stmt"/>
      <line num="59" count="51" type="stmt"/>
      <line num="60" count="51" type="stmt"/>
      <line num="62" count="51" type="stmt"/>
      <line num="63" count="51" type="stmt"/>
      <line num="65" count="51" type="stmt"/>
      <line num="68" count="51" type="stmt"/>
    </file>
    <file name="auto-interpreter.ts" path="C:\Users\linde\AppData\Local\Temp\julia-3.0-development\src\core\auto-interpreter.ts">
      <metrics statements="27" coveredstatements="27" conditionals="13" coveredconditionals="12" methods="4" coveredmethods="4"/>
      <line num="6" count="7" type="stmt"/>
      <line num="8" count="7" type="stmt"/>
      <line num="18" count="7" type="stmt"/>
      <line num="19" count="67" type="stmt"/>
      <line num="25" count="67" type="stmt"/>
      <line num="29" count="67" type="stmt"/>
      <line num="34" count="67" type="stmt"/>
      <line num="39" count="67" type="stmt"/>
      <line num="50" count="1" type="stmt"/>
      <line num="54" count="68" type="stmt"/>
      <line num="56" count="68" type="stmt"/>
      <line num="57" count="68" type="cond" truecount="2" falsecount="0"/>
      <line num="58" count="63" type="cond" truecount="2" falsecount="0"/>
      <line num="59" count="60" type="cond" truecount="2" falsecount="0"/>
      <line num="60" count="57" type="cond" truecount="1" falsecount="0"/>
      <line num="62" count="68" type="stmt"/>
      <line num="63" count="68" type="stmt"/>
      <line num="64" count="68" type="stmt"/>
      <line num="65" count="102" type="cond" truecount="1" falsecount="0"/>
      <line num="66" count="54" type="stmt"/>
      <line num="67" count="54" type="stmt"/>
      <line num="71" count="68" type="cond" truecount="1" falsecount="0"/>
      <line num="72" count="14" type="stmt"/>
      <line num="73" count="14" type="stmt"/>
      <line num="76" count="68" type="cond" truecount="2" falsecount="0"/>
      <line num="81" count="68" type="cond" truecount="1" falsecount="1"/>
      <line num="83" count="68" type="stmt"/>
    </file>
    <file name="dag-builder.ts" path="C:\Users\linde\AppData\Local\Temp\julia-3.0-development\src\core\dag-builder.ts">
      <metrics statements="52" coveredstatements="52" conditionals="20" coveredconditionals="19" methods="18" coveredmethods="18"/>
      <line num="6" count="5" type="stmt"/>
      <line num="9" count="5" type="stmt"/>
      <line num="15" count="5" type="stmt"/>
      <line num="25" count="5" type="stmt"/>
      <line num="27" count="41" type="stmt"/>
      <line num="28" count="154" type="stmt"/>
      <line num="34" count="41" type="stmt"/>
      <line num="35" count="43" type="stmt"/>
      <line num="37" count="41" type="stmt"/>
      <line num="38" count="80" type="stmt"/>
      <line num="40" count="41" type="stmt"/>
      <line num="41" count="117" type="stmt"/>
      <line num="43" count="154" type="stmt"/>
      <line num="45" count="41" type="cond" truecount="1" falsecount="0"/>
      <line num="51" count="37" type="stmt"/>
      <line num="52" count="37" type="stmt"/>
      <line num="53" count="37" type="stmt"/>
      <line num="59" count="41" type="stmt"/>
      <line num="61" count="41" type="cond" truecount="1" falsecount="1"/>
      <line num="63" count="41" type="stmt"/>
      <line num="65" count="41" type="stmt"/>
      <line num="74" count="41" type="stmt"/>
      <line num="75" count="41" type="stmt"/>
      <line num="77" count="41" type="stmt"/>
      <line num="78" count="304" type="cond" truecount="1" falsecount="0"/>
      <line num="79" count="156" type="stmt"/>
      <line num="81" count="382" type="stmt"/>
      <line num="82" count="156" type="cond" truecount="3" falsecount="0"/>
      <line num="83" count="43" type="stmt"/>
      <line num="86" count="113" type="stmt"/>
      <line num="87" count="150" type="stmt"/>
      <line num="88" count="37" type="stmt"/>
      <line num="90" count="113" type="stmt"/>
      <line num="93" count="41" type="stmt"/>
      <line num="94" count="154" type="stmt"/>
      <line num="95" count="154" type="cond" truecount="1" falsecount="0"/>
      <line num="96" count="43" type="stmt"/>
      <line num="97" count="43" type="stmt"/>
      <line num="101" count="41" type="stmt"/>
      <line num="105" count="41" type="stmt"/>
      <line num="107" count="41" type="stmt"/>
      <line num="108" count="154" type="stmt"/>
      <line num="109" count="154" type="cond" truecount="1" falsecount="0"/>
      <line num="110" count="113" type="stmt"/>
      <line num="113" count="263" type="stmt"/>
      <line num="114" count="150" type="cond" truecount="2" falsecount="0"/>
      <line num="115" count="222" type="stmt"/>
      <line num="121" count="154" type="cond" truecount="1" falsecount="0"/>
      <line num="122" count="154" type="stmt"/>
      <line num="125" count="41" type="stmt"/>
      <line num="127" count="117" type="stmt"/>
      <line num="128" count="117" type="cond" truecount="2" falsecount="0"/>
    </file>
    <file name="executor.ts" path="C:\Users\linde\AppData\Local\Temp\julia-3.0-development\src\core\executor.ts">
      <metrics statements="43" coveredstatements="43" conditionals="6" coveredconditionals="4" methods="13" coveredmethods="13"/>
      <line num="6" count="4" type="stmt"/>
      <line num="9" count="4" type="stmt"/>
      <line num="23" count="4" type="stmt"/>
      <line num="25" count="31" type="stmt"/>
      <line num="26" count="31" type="stmt"/>
      <line num="28" count="31" type="stmt"/>
      <line num="29" count="278" type="stmt"/>
      <line num="30" count="114" type="cond" truecount="0" falsecount="1"/>
      <line num="32" count="114" type="stmt"/>
      <line num="34" count="114" type="stmt"/>
      <line num="35" count="114" type="stmt"/>
      <line num="36" count="114" type="stmt"/>
      <line num="40" count="114" type="stmt"/>
      <line num="53" count="31" type="stmt"/>
      <line num="54" count="87" type="stmt"/>
      <line num="55" count="114" type="stmt"/>
      <line num="57" count="114" type="stmt"/>
      <line num="58" count="114" type="stmt"/>
      <line num="59" count="114" type="stmt"/>
      <line num="62" count="87" type="stmt"/>
      <line num="65" count="31" type="stmt"/>
      <line num="66" count="31" type="stmt"/>
      <line num="67" count="87" type="stmt"/>
      <line num="70" count="31" type="stmt"/>
      <line num="74" count="31" type="stmt"/>
      <line num="75" count="31" type="stmt"/>
      <line num="77" count="31" type="stmt"/>
      <line num="78" count="224" type="cond" truecount="1" falsecount="0"/>
      <line num="79" count="162" type="stmt"/>
      <line num="80" count="108" type="cond" truecount="1" falsecount="1"/>
      <line num="83" count="282" type="stmt"/>
      <line num="84" count="116" type="cond" truecount="1" falsecount="0"/>
      <line num="86" count="114" type="stmt"/>
      <line num="87" count="114" type="stmt"/>
      <line num="88" count="110" type="stmt"/>
      <line num="89" count="110" type="stmt"/>
      <line num="92" count="114" type="stmt"/>
      <line num="93" count="114" type="stmt"/>
      <line num="95" count="114" type="cond" truecount="1" falsecount="0"/>
      <line num="96" count="114" type="stmt"/>
      <line num="98" count="114" type="stmt"/>
      <line num="101" count="114" type="stmt"/>
      <line num="103" count="87" type="stmt"/>
    </file>
    <file name="report-generator.ts" path="C:\Users\linde\AppData\Local\Temp\julia-3.0-development\src\core\report-generator.ts">
      <metrics statements="16" coveredstatements="16" conditionals="8" coveredconditionals="4" methods="9" coveredmethods="9"/>
      <line num="6" count="3" type="stmt"/>
      <line num="10" count="3" type="stmt"/>
      <line num="41" count="3" type="stmt"/>
      <line num="48" count="22" type="stmt"/>
      <line num="49" count="78" type="stmt"/>
      <line num="50" count="22" type="stmt"/>
      <line num="52" count="78" type="stmt"/>
      <line num="53" count="22" type="stmt"/>
      <line num="54" count="78" type="stmt"/>
      <line num="57" count="22" type="stmt"/>
      <line num="61" count="22" type="stmt"/>
      <line num="62" count="78" type="stmt"/>
      <line num="64" count="22" type="stmt"/>
      <line num="97" count="1" type="stmt"/>
      <line num="130" count="1" type="stmt"/>
      <line num="134" count="1" type="stmt"/>
    </file>
  </project>
</coverage>
