<?xml version="1.0" encoding="UTF-8"?>
<coverage generated="1780940251905" clover="3.2.0">
  <project timestamp="1780940251906" name="All files">
    <metrics statements="219" coveredstatements="200" conditionals="63" coveredconditionals="51" methods="67" coveredmethods="63" elements="349" coveredelements="314" complexity="0" loc="219" ncloc="219" packages="2" files="8" classes="8"/>
    <package name="cli">
      <metrics statements="18" coveredstatements="0" conditionals="0" coveredconditionals="0" methods="4" coveredmethods="0"/>
      <file name="benchmark.ts" path="C:\Users\linde\AppData\Local\Temp\julia-3.0-development\src\cli\benchmark.ts">
        <metrics statements="18" coveredstatements="0" conditionals="0" coveredconditionals="0" methods="4" coveredmethods="0"/>
        <line num="3" count="0" type="stmt"/>
        <line num="4" count="0" type="stmt"/>
        <line num="7" count="0" type="stmt"/>
        <line num="9" count="0" type="stmt"/>
        <line num="10" count="0" type="stmt"/>
        <line num="11" count="0" type="stmt"/>
        <line num="13" count="0" type="stmt"/>
        <line num="14" count="0" type="stmt"/>
        <line num="17" count="0" type="stmt"/>
        <line num="19" count="0" type="stmt"/>
        <line num="21" count="0" type="stmt"/>
        <line num="23" count="0" type="stmt"/>
        <line num="24" count="0" type="stmt"/>
        <line num="25" count="0" type="stmt"/>
        <line num="26" count="0" type="stmt"/>
        <line num="28" count="0" type="stmt"/>
        <line num="29" count="0" type="stmt"/>
        <line num="33" count="0" type="stmt"/>
      </file>
    </package>
    <package name="core">
      <metrics statements="201" coveredstatements="200" conditionals="63" coveredconditionals="51" methods="63" coveredmethods="63"/>
      <file name="ail-compiler.ts" path="C:\Users\linde\AppData\Local\Temp\julia-3.0-development\src\core\ail-compiler.ts">
        <metrics statements="19" coveredstatements="19" conditionals="2" coveredconditionals="1" methods="1" coveredmethods="1"/>
        <line num="6" count="7" type="stmt"/>
        <line num="8" count="7" type="stmt"/>
        <line num="10" count="7" type="stmt"/>
        <line num="22" count="7" type="stmt"/>
        <line num="34" count="7" type="stmt"/>
        <line num="42" count="7" type="stmt"/>
        <line num="44" count="91" type="cond" truecount="1" falsecount="1"/>
        <line num="45" count="91" type="stmt"/>
        <line num="46" count="91" type="stmt"/>
        <line num="47" count="91" type="stmt"/>
        <line num="48" count="91" type="stmt"/>
        <line num="50" count="91" type="stmt"/>
        <line num="58" count="91" type="stmt"/>
        <line num="59" count="91" type="stmt"/>
        <line num="60" count="91" type="stmt"/>
        <line num="62" count="91" type="stmt"/>
        <line num="63" count="91" type="stmt"/>
        <line num="65" count="91" type="stmt"/>
        <line num="68" count="91" type="stmt"/>
      </file>
      <file name="auto-interpreter.ts" path="C:\Users\linde\AppData\Local\Temp\julia-3.0-development\src\core\auto-interpreter.ts">
        <metrics statements="27" coveredstatements="27" conditionals="13" coveredconditionals="12" methods="4" coveredmethods="4"/>
        <line num="6" count="8" type="stmt"/>
        <line num="8" count="8" type="stmt"/>
        <line num="18" count="8" type="stmt"/>
        <line num="19" count="107" type="stmt"/>
        <line num="25" count="107" type="stmt"/>
        <line num="29" count="107" type="stmt"/>
        <line num="34" count="107" type="stmt"/>
        <line num="39" count="107" type="stmt"/>
        <line num="50" count="1" type="stmt"/>
        <line num="54" count="108" type="stmt"/>
        <line num="56" count="108" type="stmt"/>
        <line num="57" count="108" type="cond" truecount="2" falsecount="0"/>
        <line num="58" count="95" type="cond" truecount="2" falsecount="0"/>
        <line num="59" count="84" type="cond" truecount="2" falsecount="0"/>
        <line num="60" count="73" type="cond" truecount="1" falsecount="0"/>
        <line num="62" count="108" type="stmt"/>
        <line num="63" count="108" type="stmt"/>
        <line num="64" count="108" type="stmt"/>
        <line num="65" count="206" type="cond" truecount="1" falsecount="0"/>
        <line num="66" count="62" type="stmt"/>
        <line num="67" count="62" type="stmt"/>
        <line num="71" count="108" type="cond" truecount="1" falsecount="0"/>
        <line num="72" count="46" type="stmt"/>
        <line num="73" count="46" type="stmt"/>
        <line num="76" count="108" type="cond" truecount="2" falsecount="0"/>
        <line num="81" count="108" type="cond" truecount="1" falsecount="1"/>
        <line num="83" count="108" type="stmt"/>
      </file>
      <file name="benchmarks.ts" path="C:\Users\linde\AppData\Local\Temp\julia-3.0-development\src\core\benchmarks.ts">
        <metrics statements="21" coveredstatements="21" conditionals="0" coveredconditionals="0" methods="7" coveredmethods="7"/>
        <line num="6" count="1" type="stmt"/>
        <line num="17" count="1" type="stmt"/>
        <line num="18" count="8" type="stmt"/>
        <line num="26" count="8" type="stmt"/>
        <line num="28" count="8" type="stmt"/>
        <line num="29" count="40" type="stmt"/>
        <line num="30" count="40" type="stmt"/>
        <line num="31" count="40" type="stmt"/>
        <line num="34" count="72" type="stmt"/>
        <line num="37" count="40" type="stmt"/>
        <line num="47" count="8" type="stmt"/>
        <line num="50" count="1" type="stmt"/>
        <line num="51" count="1" type="stmt"/>
        <line num="56" count="1" type="stmt"/>
        <line num="59" count="5" type="stmt"/>
        <line num="63" count="1" type="stmt"/>
        <line num="64" count="5" type="stmt"/>
        <line num="66" count="5" type="stmt"/>
        <line num="68" count="5" type="stmt"/>
        <line num="71" count="1" type="stmt"/>
        <line num="75" count="1" type="stmt"/>
      </file>
      <file name="dag-builder.ts" path="C:\Users\linde\AppData\Local\Temp\julia-3.0-development\src\core\dag-builder.ts">
        <metrics statements="52" coveredstatements="52" conditionals="20" coveredconditionals="19" methods="18" coveredmethods="18"/>
        <line num="6" count="6" type="stmt"/>
        <line num="9" count="6" type="stmt"/>
        <line num="15" count="6" type="stmt"/>
        <line num="25" count="6" type="stmt"/>
        <line num="27" count="81" type="stmt"/>
        <line num="28" count="226" type="stmt"/>
        <line num="34" count="81" type="stmt"/>
        <line num="35" count="91" type="stmt"/>
        <line num="37" count="81" type="stmt"/>
        <line num="38" count="136" type="stmt"/>
        <line num="40" count="81" type="stmt"/>
        <line num="41" count="181" type="stmt"/>
        <line num="43" count="226" type="stmt"/>
        <line num="45" count="81" type="cond" truecount="1" falsecount="0"/>
        <line num="51" count="45" type="stmt"/>
        <line num="52" count="45" type="stmt"/>
        <line num="53" count="45" type="stmt"/>
        <line num="59" count="81" type="stmt"/>
        <line num="61" count="81" type="cond" truecount="1" falsecount="1"/>
        <line num="63" count="81" type="stmt"/>
        <line num="65" count="81" type="stmt"/>
        <line num="74" count="81" type="stmt"/>
        <line num="75" count="81" type="stmt"/>
        <line num="77" count="81" type="stmt"/>
        <line num="78" count="416" type="cond" truecount="1" falsecount="0"/>
        <line num="79" count="236" type="stmt"/>
        <line num="81" count="526" type="stmt"/>
        <line num="82" count="236" type="cond" truecount="3" falsecount="0"/>
        <line num="83" count="91" type="stmt"/>
        <line num="86" count="145" type="stmt"/>
        <line num="87" count="190" type="stmt"/>
        <line num="88" count="45" type="stmt"/>
        <line num="90" count="145" type="stmt"/>
        <line num="93" count="81" type="stmt"/>
        <line num="94" count="226" type="stmt"/>
        <line num="95" count="226" type="cond" truecount="1" falsecount="0"/>
        <line num="96" count="91" type="stmt"/>
        <line num="97" count="91" type="stmt"/>
        <line num="101" count="81" type="stmt"/>
        <line num="105" count="81" type="stmt"/>
        <line num="107" count="81" type="stmt"/>
        <line num="108" count="226" type="stmt"/>
        <line num="109" count="226" type="cond" truecount="1" falsecount="0"/>
        <line num="110" count="145" type="stmt"/>
        <line num="113" count="335" type="stmt"/>
        <line num="114" count="190" type="cond" truecount="2" falsecount="0"/>
        <line num="115" count="270" type="stmt"/>
        <line num="121" count="226" type="cond" truecount="1" falsecount="0"/>
        <line num="122" count="226" type="stmt"/>
        <line num="125" count="81" type="stmt"/>
        <line num="127" count="181" type="stmt"/>
        <line num="128" count="181" type="cond" truecount="2" falsecount="0"/>
      </file>
      <file name="executor.ts" path="C:\Users\linde\AppData\Local\Temp\julia-3.0-development\src\core\executor.ts">
        <metrics statements="43" coveredstatements="43" conditionals="6" coveredconditionals="4" methods="13" coveredmethods="13"/>
        <line num="6" count="5" type="stmt"/>
        <line num="9" count="5" type="stmt"/>
        <line num="23" count="5" type="stmt"/>
        <line num="25" count="71" type="stmt"/>
        <line num="26" count="71" type="stmt"/>
        <line num="28" count="71" type="stmt"/>
        <line num="29" count="406" type="stmt"/>
        <line num="30" count="186" type="cond" truecount="0" falsecount="1"/>
        <line num="32" count="186" type="stmt"/>
        <line num="34" count="186" type="stmt"/>
        <line num="35" count="186" type="stmt"/>
        <line num="36" count="186" type="stmt"/>
        <line num="40" count="186" type="stmt"/>
        <line num="53" count="71" type="stmt"/>
        <line num="54" count="151" type="stmt"/>
        <line num="55" count="186" type="stmt"/>
        <line num="57" count="186" type="stmt"/>
        <line num="58" count="186" type="stmt"/>
        <line num="59" count="186" type="stmt"/>
        <line num="62" count="151" type="stmt"/>
        <line num="65" count="71" type="stmt"/>
        <line num="66" count="71" type="stmt"/>
        <line num="67" count="151" type="stmt"/>
        <line num="70" count="71" type="stmt"/>
        <line num="74" count="71" type="stmt"/>
        <line num="75" count="71" type="stmt"/>
        <line num="77" count="71" type="stmt"/>
        <line num="78" count="336" type="cond" truecount="1" falsecount="0"/>
        <line num="79" count="210" type="stmt"/>
        <line num="80" count="140" type="cond" truecount="1" falsecount="1"/>
        <line num="83" count="426" type="stmt"/>
        <line num="84" count="196" type="cond" truecount="1" falsecount="0"/>
        <line num="86" count="186" type="stmt"/>
        <line num="87" count="186" type="stmt"/>
        <line num="88" count="150" type="stmt"/>
        <line num="89" count="150" type="stmt"/>
        <line num="92" count="186" type="stmt"/>
        <line num="93" count="186" type="stmt"/>
        <line num="95" count="186" type="cond" truecount="1" falsecount="0"/>
        <line num="96" count="186" type="stmt"/>
        <line num="98" count="186" type="stmt"/>
        <line num="101" count="186" type="stmt"/>
        <line num="103" count="151" type="stmt"/>
      </file>
      <file name="report-generator.ts" path="C:\Users\linde\AppData\Local\Temp\julia-3.0-development\src\core\report-generator.ts">
        <metrics statements="16" coveredstatements="16" conditionals="8" coveredconditionals="4" methods="9" coveredmethods="9"/>
        <line num="6" count="4" type="stmt"/>
        <line num="10" count="4" type="stmt"/>
        <line num="41" count="4" type="stmt"/>
        <line num="48" count="62" type="stmt"/>
        <line num="49" count="150" type="stmt"/>
        <line num="50" count="62" type="stmt"/>
        <line num="52" count="150" type="stmt"/>
        <line num="53" count="62" type="stmt"/>
        <line num="54" count="150" type="stmt"/>
        <line num="57" count="62" type="stmt"/>
        <line num="61" count="62" type="stmt"/>
        <line num="62" count="150" type="stmt"/>
        <line num="64" count="62" type="stmt"/>
        <line num="97" count="1" type="stmt"/>
        <line num="130" count="1" type="stmt"/>
        <line num="134" count="1" type="stmt"/>
      </file>
      <file name="validators.ts" path="C:\Users\linde\AppData\Local\Temp\julia-3.0-development\src\core\validators.ts">
        <metrics statements="23" coveredstatements="22" conditionals="14" coveredconditionals="11" methods="11" coveredmethods="11"/>
        <line num="12" count="1" type="stmt"/>
        <line num="13" count="11" type="stmt"/>
        <line num="16" count="11" type="stmt"/>
        <line num="20" count="11" type="stmt"/>
        <line num="23" count="11" type="cond" truecount="2" falsecount="0"/>
        <line num="27" count="11" type="stmt"/>
        <line num="30" count="11" type="cond" truecount="2" falsecount="0"/>
        <line num="34" count="11" type="stmt"/>
        <line num="37" count="11" type="cond" truecount="0" falsecount="1"/>
        <line num="38" count="11" type="stmt"/>
        <line num="47" count="34" type="stmt"/>
        <line num="51" count="11" type="stmt"/>
        <line num="53" count="11" type="stmt"/>
        <line num="54" count="34" type="stmt"/>
        <line num="55" count="34" type="cond" truecount="1" falsecount="0"/>
        <line num="56" count="8" type="stmt"/>
        <line num="59" count="0" type="stmt"/>
        <line num="65" count="11" type="stmt"/>
        <line num="72" count="1" type="stmt"/>
        <line num="77" count="3" type="cond" truecount="2" falsecount="0"/>
        <line num="81" count="4" type="cond" truecount="2" falsecount="0"/>
        <line num="85" count="4" type="cond" truecount="2" falsecount="0"/>
        <line num="91" count="4" type="stmt"/>
      </file>
    </package>
  </project>
</coverage>
