{"C:\\Users\\linde\\AppData\\Local\\Temp\\julia-3.0-development\\src\\cli\\benchmark.ts": {"path":"C:\\Users\\linde\\AppData\\Local\\Temp\\julia-3.0-development\\src\\cli\\benchmark.ts","statementMap":{"0":{"start":{"line":3,"column":0},"end":{"line":3,"column":26}},"1":{"start":{"line":4,"column":0},"end":{"line":4,"column":75}},"2":{"start":{"line":7,"column":2},"end":{"line":7,"column":69}},"3":{"start":{"line":9,"column":2},"end":{"line":30,"column":3}},"4":{"start":{"line":10,"column":4},"end":{"line":10,"column":41}},"5":{"start":{"line":11,"column":20},"end":{"line":11,"column":41}},"6":{"start":{"line":13,"column":4},"end":{"line":13,"column":57}},"7":{"start":{"line":14,"column":4},"end":{"line":14,"column":49}},"8":{"start":{"line":17,"column":6},"end":{"line":17,"column":75}},"9":{"start":{"line":17,"column":33},"end":{"line":17,"column":54}},"10":{"start":{"line":19,"column":6},"end":{"line":19,"column":78}},"11":{"start":{"line":19,"column":33},"end":{"line":19,"column":57}},"12":{"start":{"line":21,"column":6},"end":{"line":21,"column":79}},"13":{"start":{"line":21,"column":33},"end":{"line":21,"column":58}},"14":{"start":{"line":23,"column":4},"end":{"line":23,"column":47}},"15":{"start":{"line":24,"column":4},"end":{"line":24,"column":68}},"16":{"start":{"line":25,"column":4},"end":{"line":25,"column":74}},"17":{"start":{"line":26,"column":4},"end":{"line":26,"column":76}},"18":{"start":{"line":28,"column":4},"end":{"line":28,"column":48}},"19":{"start":{"line":29,"column":4},"end":{"line":29,"column":20}},"20":{"start":{"line":33,"column":0},"end":{"line":33,"column":7}}},"fnMap":{"0":{"name":"main","decl":{"start":{"line":6,"column":15},"end":{"line":6,"column":19}},"loc":{"start":{"line":6,"column":19},"end":{"line":31,"column":1}}},"1":{"name":"(anonymous_2)","decl":{"start":{"line":17,"column":21},"end":{"line":17,"column":22}},"loc":{"start":{"line":17,"column":33},"end":{"line":17,"column":54}}},"2":{"name":"(anonymous_3)","decl":{"start":{"line":19,"column":21},"end":{"line":19,"column":22}},"loc":{"start":{"line":19,"column":33},"end":{"line":19,"column":57}}},"3":{"name":"(anonymous_4)","decl":{"start":{"line":21,"column":21},"end":{"line":21,"column":22}},"loc":{"start":{"line":21,"column":33},"end":{"line":21,"column":58}}}},"branchMap":{},"s":{"0":0,"1":0,"2":0,"3":0,"4":0,"5":0,"6":0,"7":0,"8":0,"9":0,"10":0,"11":0,"12":0,"13":0,"14":0,"15":0,"16":0,"17":0,"18":0,"19":0,"20":0},"f":{"0":0,"1":0,"2":0,"3":0},"b":{}}
,"C:\\Users\\linde\\AppData\\Local\\Temp\\julia-3.0-development\\src\\core\\ail-compiler.ts": {"path":"C:\\Users\\linde\\AppData\\Local\\Temp\\julia-3.0-development\\src\\core\\ail-compiler.ts","statementMap":{"0":{"start":{"line":6,"column":0},"end":{"line":6,"column":24}},"1":{"start":{"line":8,"column":0},"end":{"line":8,"column":24}},"2":{"start":{"line":10,"column":13},"end":{"line":18,"column":3}},"3":{"start":{"line":22,"column":46},"end":{"line":32,"column":2}},"4":{"start":{"line":34,"column":55},"end":{"line":40,"column":2}},"5":{"start":{"line":44,"column":16},"end":{"line":44,"column":61}},"6":{"start":{"line":45,"column":16},"end":{"line":45,"column":29}},"7":{"start":{"line":46,"column":16},"end":{"line":46,"column":43}},"8":{"start":{"line":47,"column":17},"end":{"line":47,"column":36}},"9":{"start":{"line":48,"column":19},"end":{"line":48,"column":41}},"10":{"start":{"line":50,"column":22},"end":{"line":56,"column":6}},"11":{"start":{"line":58,"column":17},"end":{"line":58,"column":42}},"12":{"start":{"line":59,"column":20},"end":{"line":59,"column":45}},"13":{"start":{"line":60,"column":20},"end":{"line":60,"column":35}},"14":{"start":{"line":62,"column":27},"end":{"line":62,"column":56}},"15":{"start":{"line":63,"column":29},"end":{"line":63,"column":58}},"16":{"start":{"line":65,"column":6},"end":{"line":66,"column":22}},"17":{"start":{"line":68,"column":4},"end":{"line":76,"column":6}},"18":{"start":{"line":42,"column":0},"end":{"line":42,"column":13}}},"fnMap":{"0":{"name":"(anonymous_1)","decl":{"start":{"line":43,"column":2},"end":{"line":43,"column":9}},"loc":{"start":{"line":43,"column":24},"end":{"line":77,"column":3}}}},"branchMap":{"0":{"loc":{"start":{"line":44,"column":16},"end":{"line":44,"column":61}},"type":"binary-expr","locations":[{"start":{"line":44,"column":16},"end":{"line":44,"column":44}},{"start":{"line":44,"column":48},"end":{"line":44,"column":61}}]}},"s":{"0":7,"1":7,"2":7,"3":7,"4":7,"5":91,"6":91,"7":91,"8":91,"9":91,"10":91,"11":91,"12":91,"13":91,"14":91,"15":91,"16":91,"17":91,"18":7},"f":{"0":91},"b":{"0":[91,0]}}
,"C:\\Users\\linde\\AppData\\Local\\Temp\\julia-3.0-development\\src\\core\\auto-interpreter.ts": {"path":"C:\\Users\\linde\\AppData\\Local\\Temp\\julia-3.0-development\\src\\core\\auto-interpreter.ts","statementMap":{"0":{"start":{"line":6,"column":0},"end":{"line":6,"column":24}},"1":{"start":{"line":8,"column":13},"end":{"line":14,"column":3}},"2":{"start":{"line":19,"column":10},"end":{"line":22,"column":16}},"3":{"start":{"line":25,"column":4},"end":{"line":25,"column":34}},"4":{"start":{"line":29,"column":4},"end":{"line":32,"column":7}},"5":{"start":{"line":34,"column":4},"end":{"line":37,"column":7}},"6":{"start":{"line":39,"column":4},"end":{"line":42,"column":7}},"7":{"start":{"line":50,"column":4},"end":{"line":50,"column":62}},"8":{"start":{"line":54,"column":23},"end":{"line":54,"column":46}},"9":{"start":{"line":56,"column":35},"end":{"line":56,"column":46}},"10":{"start":{"line":57,"column":4},"end":{"line":60,"column":64}},"11":{"start":{"line":57,"column":41},"end":{"line":57,"column":61}},"12":{"start":{"line":58,"column":9},"end":{"line":60,"column":64}},"13":{"start":{"line":58,"column":43},"end":{"line":58,"column":60}},"14":{"start":{"line":59,"column":9},"end":{"line":60,"column":64}},"15":{"start":{"line":59,"column":41},"end":{"line":59,"column":56}},"16":{"start":{"line":60,"column":9},"end":{"line":60,"column":64}},"17":{"start":{"line":60,"column":45},"end":{"line":60,"column":64}},"18":{"start":{"line":62,"column":17},"end":{"line":62,"column":19}},"19":{"start":{"line":63,"column":24},"end":{"line":63,"column":62}},"20":{"start":{"line":64,"column":4},"end":{"line":69,"column":5}},"21":{"start":{"line":65,"column":6},"end":{"line":68,"column":7}},"22":{"start":{"line":66,"column":8},"end":{"line":66,"column":28}},"23":{"start":{"line":67,"column":8},"end":{"line":67,"column":14}},"24":{"start":{"line":71,"column":4},"end":{"line":74,"column":5}},"25":{"start":{"line":72,"column":20},"end":{"line":72,"column":42}},"26":{"start":{"line":73,"column":6},"end":{"line":73,"column":40}},"27":{"start":{"line":76,"column":23},"end":{"line":79,"column":6}},"28":{"start":{"line":81,"column":23},"end":{"line":81,"column":53}},"29":{"start":{"line":83,"column":4},"end":{"line":89,"column":6}},"30":{"start":{"line":18,"column":0},"end":{"line":18,"column":13}}},"fnMap":{"0":{"name":"(anonymous_0)","decl":{"start":{"line":24,"column":2},"end":{"line":24,"column":null}},"loc":{"start":{"line":24,"column":2},"end":{"line":26,"column":3}}},"1":{"name":"(anonymous_1)","decl":{"start":{"line":28,"column":10},"end":{"line":28,"column":32}},"loc":{"start":{"line":28,"column":32},"end":{"line":43,"column":3}}},"2":{"name":"(anonymous_2)","decl":{"start":{"line":45,"column":2},"end":{"line":45,"column":16}},"loc":{"start":{"line":48,"column":26},"end":{"line":51,"column":3}}},"3":{"name":"(anonymous_3)","decl":{"start":{"line":53,"column":2},"end":{"line":53,"column":7}},"loc":{"start":{"line":53,"column":25},"end":{"line":90,"column":3}}}},"branchMap":{"0":{"loc":{"start":{"line":57,"column":4},"end":{"line":60,"column":64}},"type":"if","locations":[{"start":{"line":57,"column":4},"end":{"line":60,"column":64}},{"start":{"line":58,"column":9},"end":{"line":60,"column":64}}]},"1":{"loc":{"start":{"line":58,"column":9},"end":{"line":60,"column":64}},"type":"if","locations":[{"start":{"line":58,"column":9},"end":{"line":60,"column":64}},{"start":{"line":59,"column":9},"end":{"line":60,"column":64}}]},"2":{"loc":{"start":{"line":59,"column":9},"end":{"line":60,"column":64}},"type":"if","locations":[{"start":{"line":59,"column":9},"end":{"line":60,"column":64}},{"start":{"line":60,"column":9},"end":{"line":60,"column":64}}]},"3":{"loc":{"start":{"line":60,"column":9},"end":{"line":60,"column":64}},"type":"if","locations":[{"start":{"line":60,"column":9},"end":{"line":60,"column":64}}]},"4":{"loc":{"start":{"line":65,"column":6},"end":{"line":68,"column":7}},"type":"if","locations":[{"start":{"line":65,"column":6},"end":{"line":68,"column":7}}]},"5":{"loc":{"start":{"line":71,"column":4},"end":{"line":74,"column":5}},"type":"if","locations":[{"start":{"line":71,"column":4},"end":{"line":74,"column":5}}]},"6":{"loc":{"start":{"line":76,"column":23},"end":{"line":79,"column":6}},"type":"binary-expr","locations":[{"start":{"line":76,"column":23},"end":{"line":76,"column":54}},{"start":{"line":76,"column":58},"end":{"line":79,"column":6}}]},"7":{"loc":{"start":{"line":81,"column":23},"end":{"line":81,"column":53}},"type":"cond-expr","locations":[{"start":{"line":81,"column":43},"end":{"line":81,"column":47}},{"start":{"line":81,"column":50},"end":{"line":81,"column":53}}]}},"s":{"0":8,"1":8,"2":107,"3":107,"4":107,"5":107,"6":107,"7":1,"8":108,"9":108,"10":108,"11":13,"12":95,"13":11,"14":84,"15":11,"16":73,"17":9,"18":108,"19":108,"20":108,"21":206,"22":62,"23":62,"24":108,"25":46,"26":46,"27":108,"28":108,"29":108,"30":8},"f":{"0":107,"1":107,"2":1,"3":108},"b":{"0":[13,95],"1":[11,84],"2":[11,73],"3":[9],"4":[62],"5":[46],"6":[108,34],"7":[108,0]}}
,"C:\\Users\\linde\\AppData\\Local\\Temp\\julia-3.0-development\\src\\core\\benchmarks.ts": {"path":"C:\\Users\\linde\\AppData\\Local\\Temp\\julia-3.0-development\\src\\core\\benchmarks.ts","statementMap":{"0":{"start":{"line":17,"column":0},"end":{"line":17,"column":7}},"1":{"start":{"line":50,"column":0},"end":{"line":50,"column":16}},"2":{"start":{"line":6,"column":0},"end":{"line":6,"column":38}},"3":{"start":{"line":18,"column":20},"end":{"line":24,"column":4}},"4":{"start":{"line":26,"column":37},"end":{"line":26,"column":39}},"5":{"start":{"line":28,"column":2},"end":{"line":45,"column":3}},"6":{"start":{"line":29,"column":22},"end":{"line":29,"column":32}},"7":{"start":{"line":30,"column":19},"end":{"line":30,"column":46}},"8":{"start":{"line":31,"column":20},"end":{"line":31,"column":30}},"9":{"start":{"line":34,"column":6},"end":{"line":35,"column":27}},"10":{"start":{"line":34,"column":35},"end":{"line":34,"column":57}},"11":{"start":{"line":37,"column":4},"end":{"line":44,"column":7}},"12":{"start":{"line":47,"column":2},"end":{"line":47,"column":17}},"13":{"start":{"line":51,"column":22},"end":{"line":54,"column":86}},"14":{"start":{"line":56,"column":15},"end":{"line":61,"column":15}},"15":{"start":{"line":59,"column":8},"end":{"line":59,"column":259}},"16":{"start":{"line":63,"column":14},"end":{"line":69,"column":4}},"17":{"start":{"line":64,"column":37},"end":{"line":64,"column":58}},"18":{"start":{"line":66,"column":33},"end":{"line":66,"column":57}},"19":{"start":{"line":68,"column":33},"end":{"line":68,"column":58}},"20":{"start":{"line":71,"column":17},"end":{"line":73,"column":86}},"21":{"start":{"line":75,"column":2},"end":{"line":75,"column":51}}},"fnMap":{"0":{"name":"runBenchmarks","decl":{"start":{"line":17,"column":22},"end":{"line":17,"column":35}},"loc":{"start":{"line":17,"column":35},"end":{"line":48,"column":1}}},"1":{"name":"(anonymous_1)","decl":{"start":{"line":34,"column":28},"end":{"line":34,"column":29}},"loc":{"start":{"line":34,"column":35},"end":{"line":34,"column":57}}},"2":{"name":"formatBenchmarkResults","decl":{"start":{"line":50,"column":16},"end":{"line":50,"column":38}},"loc":{"start":{"line":50,"column":65},"end":{"line":76,"column":1}}},"3":{"name":"(anonymous_3)","decl":{"start":{"line":58,"column":6},"end":{"line":58,"column":7}},"loc":{"start":{"line":59,"column":8},"end":{"line":59,"column":259}}},"4":{"name":"(anonymous_4)","decl":{"start":{"line":64,"column":25},"end":{"line":64,"column":26}},"loc":{"start":{"line":64,"column":37},"end":{"line":64,"column":58}}},"5":{"name":"(anonymous_5)","decl":{"start":{"line":66,"column":21},"end":{"line":66,"column":22}},"loc":{"start":{"line":66,"column":33},"end":{"line":66,"column":57}}},"6":{"name":"(anonymous_6)","decl":{"start":{"line":68,"column":21},"end":{"line":68,"column":22}},"loc":{"start":{"line":68,"column":33},"end":{"line":68,"column":58}}}},"branchMap":{},"s":{"0":1,"1":1,"2":1,"3":8,"4":8,"5":8,"6":40,"7":40,"8":40,"9":40,"10":72,"11":40,"12":8,"13":1,"14":1,"15":5,"16":1,"17":5,"18":5,"19":5,"20":1,"21":1},"f":{"0":8,"1":72,"2":1,"3":5,"4":5,"5":5,"6":5},"b":{}}
,"C:\\Users\\linde\\AppData\\Local\\Temp\\julia-3.0-development\\src\\core\\dag-builder.ts": {"path":"C:\\Users\\linde\\AppData\\Local\\Temp\\julia-3.0-development\\src\\core\\dag-builder.ts","statementMap":{"0":{"start":{"line":6,"column":0},"end":{"line":6,"column":24}},"1":{"start":{"line":9,"column":13},"end":{"line":13,"column":3}},"2":{"start":{"line":15,"column":13},"end":{"line":20,"column":3}},"3":{"start":{"line":27,"column":19},"end":{"line":27,"column":29}},"4":{"start":{"line":28,"column":26},"end":{"line":32,"column":7}},"5":{"start":{"line":28,"column":54},"end":{"line":32,"column":6}},"6":{"start":{"line":34,"column":24},"end":{"line":35,"column":null}},"7":{"start":{"line":35,"column":6},"end":{"line":35,"column":38}},"8":{"start":{"line":37,"column":23},"end":{"line":38,"column":null}},"9":{"start":{"line":38,"column":6},"end":{"line":38,"column":41}},"10":{"start":{"line":40,"column":24},"end":{"line":41,"column":null}},"11":{"start":{"line":41,"column":6},"end":{"line":41,"column":42}},"12":{"start":{"line":43,"column":18},"end":{"line":43,"column":73}},"13":{"start":{"line":43,"column":42},"end":{"line":43,"column":72}},"14":{"start":{"line":45,"column":4},"end":{"line":57,"column":5}},"15":{"start":{"line":51,"column":6},"end":{"line":51,"column":63}},"16":{"start":{"line":52,"column":6},"end":{"line":52,"column":64}},"17":{"start":{"line":53,"column":6},"end":{"line":56,"column":8}},"18":{"start":{"line":59,"column":25},"end":{"line":59,"column":56}},"19":{"start":{"line":61,"column":6},"end":{"line":61,"column":59}},"20":{"start":{"line":63,"column":27},"end":{"line":63,"column":59}},"21":{"start":{"line":65,"column":4},"end":{"line":70,"column":6}},"22":{"start":{"line":74,"column":35},"end":{"line":74,"column":44}},"23":{"start":{"line":75,"column":27},"end":{"line":75,"column":29}},"24":{"start":{"line":77,"column":21},"end":{"line":91,"column":5}},"25":{"start":{"line":78,"column":6},"end":{"line":78,"column":43}},"26":{"start":{"line":78,"column":33},"end":{"line":78,"column":43}},"27":{"start":{"line":79,"column":6},"end":{"line":79,"column":28}},"28":{"start":{"line":81,"column":19},"end":{"line":81,"column":53}},"29":{"start":{"line":81,"column":37},"end":{"line":81,"column":52}},"30":{"start":{"line":82,"column":6},"end":{"line":84,"column":7}},"31":{"start":{"line":83,"column":8},"end":{"line":83,"column":24}},"32":{"start":{"line":86,"column":25},"end":{"line":88,"column":47}},"33":{"start":{"line":87,"column":22},"end":{"line":87,"column":35}},"34":{"start":{"line":88,"column":24},"end":{"line":88,"column":43}},"35":{"start":{"line":90,"column":6},"end":{"line":90,"column":37}},"36":{"start":{"line":93,"column":4},"end":{"line":99,"column":7}},"37":{"start":{"line":94,"column":26},"end":{"line":94,"column":43}},"38":{"start":{"line":95,"column":6},"end":{"line":98,"column":7}},"39":{"start":{"line":96,"column":8},"end":{"line":96,"column":24}},"40":{"start":{"line":97,"column":8},"end":{"line":97,"column":34}},"41":{"start":{"line":101,"column":4},"end":{"line":101,"column":16}},"42":{"start":{"line":105,"column":34},"end":{"line":105,"column":36}},"43":{"start":{"line":107,"column":4},"end":{"line":123,"column":7}},"44":{"start":{"line":108,"column":18},"end":{"line":108,"column":19}},"45":{"start":{"line":109,"column":6},"end":{"line":119,"column":7}},"46":{"start":{"line":110,"column":8},"end":{"line":118,"column":16}},"47":{"start":{"line":113,"column":30},"end":{"line":113,"column":61}},"48":{"start":{"line":113,"column":48},"end":{"line":113,"column":60}},"49":{"start":{"line":114,"column":14},"end":{"line":116,"column":20}},"50":{"start":{"line":115,"column":42},"end":{"line":115,"column":59}},"51":{"start":{"line":121,"column":6},"end":{"line":121,"column":52}},"52":{"start":{"line":121,"column":26},"end":{"line":121,"column":52}},"53":{"start":{"line":122,"column":6},"end":{"line":122,"column":33}},"54":{"start":{"line":125,"column":4},"end":{"line":130,"column":19}},"55":{"start":{"line":127,"column":24},"end":{"line":127,"column":37}},"56":{"start":{"line":128,"column":8},"end":{"line":128,"column":76}},"57":{"start":{"line":25,"column":0},"end":{"line":25,"column":13}}},"fnMap":{"0":{"name":"(anonymous_0)","decl":{"start":{"line":26,"column":2},"end":{"line":26,"column":7}},"loc":{"start":{"line":26,"column":26},"end":{"line":71,"column":3}}},"1":{"name":"(anonymous_1)","decl":{"start":{"line":28,"column":37},"end":{"line":28,"column":38}},"loc":{"start":{"line":28,"column":54},"end":{"line":32,"column":6}}},"2":{"name":"(anonymous_2)","decl":{"start":{"line":34,"column":41},"end":{"line":34,"column":42}},"loc":{"start":{"line":35,"column":6},"end":{"line":35,"column":38}}},"3":{"name":"(anonymous_3)","decl":{"start":{"line":37,"column":40},"end":{"line":37,"column":41}},"loc":{"start":{"line":38,"column":6},"end":{"line":38,"column":41}}},"4":{"name":"(anonymous_4)","decl":{"start":{"line":40,"column":41},"end":{"line":40,"column":42}},"loc":{"start":{"line":41,"column":6},"end":{"line":41,"column":42}}},"5":{"name":"(anonymous_5)","decl":{"start":{"line":43,"column":35},"end":{"line":43,"column":36}},"loc":{"start":{"line":43,"column":42},"end":{"line":43,"column":72}}},"6":{"name":"(anonymous_6)","decl":{"start":{"line":73,"column":10},"end":{"line":73,"column":29}},"loc":{"start":{"line":73,"column":43},"end":{"line":102,"column":3}}},"7":{"name":"(anonymous_7)","decl":{"start":{"line":77,"column":21},"end":{"line":77,"column":22}},"loc":{"start":{"line":77,"column":50},"end":{"line":91,"column":5}}},"8":{"name":"(anonymous_8)","decl":{"start":{"line":81,"column":30},"end":{"line":81,"column":31}},"loc":{"start":{"line":81,"column":37},"end":{"line":81,"column":52}}},"9":{"name":"(anonymous_9)","decl":{"start":{"line":87,"column":13},"end":{"line":87,"column":14}},"loc":{"start":{"line":87,"column":22},"end":{"line":87,"column":35}}},"10":{"name":"(anonymous_10)","decl":{"start":{"line":88,"column":14},"end":{"line":88,"column":15}},"loc":{"start":{"line":88,"column":24},"end":{"line":88,"column":43}}},"11":{"name":"(anonymous_11)","decl":{"start":{"line":93,"column":18},"end":{"line":93,"column":19}},"loc":{"start":{"line":93,"column":27},"end":{"line":99,"column":5}}},"12":{"name":"(anonymous_12)","decl":{"start":{"line":104,"column":10},"end":{"line":104,"column":30}},"loc":{"start":{"line":104,"column":44},"end":{"line":131,"column":3}}},"13":{"name":"(anonymous_13)","decl":{"start":{"line":107,"column":18},"end":{"line":107,"column":19}},"loc":{"start":{"line":107,"column":27},"end":{"line":123,"column":5}}},"14":{"name":"(anonymous_14)","decl":{"start":{"line":112,"column":37},"end":{"line":112,"column":38}},"loc":{"start":{"line":112,"column":45},"end":{"line":117,"column":13}}},"15":{"name":"(anonymous_15)","decl":{"start":{"line":113,"column":41},"end":{"line":113,"column":42}},"loc":{"start":{"line":113,"column":48},"end":{"line":113,"column":60}}},"16":{"name":"(anonymous_16)","decl":{"start":{"line":115,"column":35},"end":{"line":115,"column":36}},"loc":{"start":{"line":115,"column":42},"end":{"line":115,"column":59}}},"17":{"name":"(anonymous_17)","decl":{"start":{"line":126,"column":11},"end":{"line":126,"column":12}},"loc":{"start":{"line":126,"column":17},"end":{"line":129,"column":7}}}},"branchMap":{"0":{"loc":{"start":{"line":31,"column":20},"end":{"line":31,"column":48}},"type":"cond-expr","locations":[{"start":{"line":31,"column":32},"end":{"line":31,"column":34}},{"start":{"line":31,"column":37},"end":{"line":31,"column":48}}]},"1":{"loc":{"start":{"line":45,"column":4},"end":{"line":57,"column":5}},"type":"if","locations":[{"start":{"line":45,"column":4},"end":{"line":57,"column":5}}]},"2":{"loc":{"start":{"line":46,"column":6},"end":{"line":49,"column":16}},"type":"binary-expr","locations":[{"start":{"line":46,"column":6},"end":{"line":46,"column":22}},{"start":{"line":47,"column":6},"end":{"line":47,"column":21}},{"start":{"line":48,"column":6},"end":{"line":48,"column":22}},{"start":{"line":49,"column":6},"end":{"line":49,"column":16}}]},"3":{"loc":{"start":{"line":61,"column":6},"end":{"line":61,"column":59}},"type":"binary-expr","locations":[{"start":{"line":61,"column":6},"end":{"line":61,"column":54}},{"start":{"line":61,"column":58},"end":{"line":61,"column":59}}]},"4":{"loc":{"start":{"line":78,"column":6},"end":{"line":78,"column":43}},"type":"if","locations":[{"start":{"line":78,"column":6},"end":{"line":78,"column":43}}]},"5":{"loc":{"start":{"line":82,"column":6},"end":{"line":84,"column":7}},"type":"if","locations":[{"start":{"line":82,"column":6},"end":{"line":84,"column":7}}]},"6":{"loc":{"start":{"line":82,"column":10},"end":{"line":82,"column":49}},"type":"binary-expr","locations":[{"start":{"line":82,"column":10},"end":{"line":82,"column":15}},{"start":{"line":82,"column":19},"end":{"line":82,"column":49}}]},"7":{"loc":{"start":{"line":95,"column":6},"end":{"line":98,"column":7}},"type":"if","locations":[{"start":{"line":95,"column":6},"end":{"line":98,"column":7}}]},"8":{"loc":{"start":{"line":109,"column":6},"end":{"line":119,"column":7}},"type":"if","locations":[{"start":{"line":109,"column":6},"end":{"line":119,"column":7}}]},"9":{"loc":{"start":{"line":114,"column":21},"end":{"line":116,"column":19}},"type":"cond-expr","locations":[{"start":{"line":115,"column":18},"end":{"line":115,"column":60}},{"start":{"line":116,"column":18},"end":{"line":116,"column":19}}]},"10":{"loc":{"start":{"line":121,"column":6},"end":{"line":121,"column":52}},"type":"if","locations":[{"start":{"line":121,"column":6},"end":{"line":121,"column":52}}]},"11":{"loc":{"start":{"line":128,"column":15},"end":{"line":128,"column":75}},"type":"cond-expr","locations":[{"start":{"line":128,"column":36},"end":{"line":128,"column":62}},{"start":{"line":128,"column":65},"end":{"line":128,"column":75}}]}},"s":{"0":6,"1":6,"2":6,"3":81,"4":81,"5":226,"6":81,"7":91,"8":81,"9":136,"10":81,"11":181,"12":81,"13":226,"14":81,"15":45,"16":45,"17":45,"18":81,"19":81,"20":81,"21":81,"22":81,"23":81,"24":81,"25":416,"26":180,"27":236,"28":236,"29":526,"30":236,"31":91,"32":145,"33":190,"34":45,"35":145,"36":81,"37":226,"38":226,"39":91,"40":91,"41":81,"42":81,"43":81,"44":226,"45":226,"46":145,"47":190,"48":335,"49":190,"50":270,"51":226,"52":181,"53":226,"54":81,"55":181,"56":181,"57":6},"f":{"0":81,"1":226,"2":91,"3":136,"4":181,"5":226,"6":81,"7":416,"8":526,"9":190,"10":45,"11":226,"12":81,"13":226,"14":190,"15":335,"16":270,"17":181},"b":{"0":[81,145],"1":[45],"2":[81,45,45,45],"3":[81,0],"4":[180],"5":[91],"6":[236,226],"7":[91],"8":[145],"9":[180,10],"10":[181],"11":[45,136]}}
,"C:\\Users\\linde\\AppData\\Local\\Temp\\julia-3.0-development\\src\\core\\executor.ts": {"path":"C:\\Users\\linde\\AppData\\Local\\Temp\\julia-3.0-development\\src\\core\\executor.ts","statementMap":{"0":{"start":{"line":6,"column":0},"end":{"line":6,"column":24}},"1":{"start":{"line":9,"column":13},"end":{"line":19,"column":3}},"2":{"start":{"line":25,"column":34},"end":{"line":25,"column":36}},"3":{"start":{"line":26,"column":35},"end":{"line":26,"column":44}},"4":{"start":{"line":28,"column":24},"end":{"line":51,"column":5}},"5":{"start":{"line":29,"column":19},"end":{"line":29,"column":57}},"6":{"start":{"line":29,"column":41},"end":{"line":29,"column":56}},"7":{"start":{"line":30,"column":6},"end":{"line":30,"column":61}},"8":{"start":{"line":30,"column":17},"end":{"line":30,"column":61}},"9":{"start":{"line":32,"column":6},"end":{"line":32,"column":62}},"10":{"start":{"line":32,"column":37},"end":{"line":32,"column":60}},"11":{"start":{"line":34,"column":26},"end":{"line":34,"column":64}},"12":{"start":{"line":35,"column":27},"end":{"line":35,"column":57}},"13":{"start":{"line":36,"column":26},"end":{"line":37,"column":null}},"14":{"start":{"line":40,"column":6},"end":{"line":50,"column":8}},"15":{"start":{"line":53,"column":25},"end":{"line":63,"column":5}},"16":{"start":{"line":54,"column":23},"end":{"line":60,"column":10}},"17":{"start":{"line":55,"column":24},"end":{"line":55,"column":42}},"18":{"start":{"line":57,"column":25},"end":{"line":57,"column":46}},"19":{"start":{"line":58,"column":10},"end":{"line":58,"column":31}},"20":{"start":{"line":59,"column":10},"end":{"line":59,"column":28}},"21":{"start":{"line":62,"column":6},"end":{"line":62,"column":34}},"22":{"start":{"line":65,"column":19},"end":{"line":65,"column":42}},"23":{"start":{"line":66,"column":4},"end":{"line":68,"column":5}},"24":{"start":{"line":67,"column":6},"end":{"line":67,"column":32}},"25":{"start":{"line":70,"column":4},"end":{"line":70,"column":19}},"26":{"start":{"line":74,"column":34},"end":{"line":74,"column":36}},"27":{"start":{"line":75,"column":35},"end":{"line":75,"column":44}},"28":{"start":{"line":77,"column":24},"end":{"line":99,"column":5}},"29":{"start":{"line":78,"column":6},"end":{"line":81,"column":7}},"30":{"start":{"line":79,"column":25},"end":{"line":79,"column":63}},"31":{"start":{"line":79,"column":49},"end":{"line":79,"column":62}},"32":{"start":{"line":80,"column":8},"end":{"line":80,"column":44}},"33":{"start":{"line":83,"column":19},"end":{"line":83,"column":57}},"34":{"start":{"line":83,"column":41},"end":{"line":83,"column":56}},"35":{"start":{"line":84,"column":6},"end":{"line":84,"column":26}},"36":{"start":{"line":84,"column":17},"end":{"line":84,"column":26}},"37":{"start":{"line":86,"column":24},"end":{"line":86,"column":26}},"38":{"start":{"line":87,"column":6},"end":{"line":90,"column":7}},"39":{"start":{"line":88,"column":25},"end":{"line":88,"column":41}},"40":{"start":{"line":89,"column":8},"end":{"line":89,"column":54}},"41":{"start":{"line":92,"column":24},"end":{"line":92,"column":39}},"42":{"start":{"line":93,"column":6},"end":{"line":93,"column":28}},"43":{"start":{"line":95,"column":6},"end":{"line":95,"column":60}},"44":{"start":{"line":95,"column":30},"end":{"line":95,"column":60}},"45":{"start":{"line":96,"column":6},"end":{"line":96,"column":36}},"46":{"start":{"line":98,"column":6},"end":{"line":98,"column":23}},"47":{"start":{"line":101,"column":4},"end":{"line":101,"column":54}},"48":{"start":{"line":101,"column":32},"end":{"line":101,"column":52}},"49":{"start":{"line":103,"column":4},"end":{"line":103,"column":44}},"50":{"start":{"line":103,"column":29},"end":{"line":103,"column":42}},"51":{"start":{"line":23,"column":0},"end":{"line":23,"column":13}}},"fnMap":{"0":{"name":"(anonymous_0)","decl":{"start":{"line":24,"column":2},"end":{"line":24,"column":7}},"loc":{"start":{"line":24,"column":33},"end":{"line":71,"column":3}}},"1":{"name":"(anonymous_1)","decl":{"start":{"line":28,"column":24},"end":{"line":28,"column":29}},"loc":{"start":{"line":28,"column":70},"end":{"line":51,"column":5}}},"2":{"name":"(anonymous_2)","decl":{"start":{"line":29,"column":34},"end":{"line":29,"column":35}},"loc":{"start":{"line":29,"column":41},"end":{"line":29,"column":56}}},"3":{"name":"(anonymous_3)","decl":{"start":{"line":32,"column":24},"end":{"line":32,"column":25}},"loc":{"start":{"line":32,"column":37},"end":{"line":32,"column":60}}},"4":{"name":"(anonymous_4)","decl":{"start":{"line":53,"column":25},"end":{"line":53,"column":30}},"loc":{"start":{"line":53,"column":68},"end":{"line":63,"column":5}}},"5":{"name":"(anonymous_5)","decl":{"start":{"line":55,"column":16},"end":{"line":55,"column":17}},"loc":{"start":{"line":55,"column":24},"end":{"line":55,"column":42}}},"6":{"name":"(anonymous_6)","decl":{"start":{"line":56,"column":13},"end":{"line":56,"column":18}},"loc":{"start":{"line":56,"column":26},"end":{"line":60,"column":9}}},"7":{"name":"(anonymous_7)","decl":{"start":{"line":73,"column":10},"end":{"line":73,"column":23}},"loc":{"start":{"line":73,"column":41},"end":{"line":104,"column":3}}},"8":{"name":"(anonymous_8)","decl":{"start":{"line":77,"column":24},"end":{"line":77,"column":25}},"loc":{"start":{"line":77,"column":51},"end":{"line":99,"column":5}}},"9":{"name":"(anonymous_9)","decl":{"start":{"line":79,"column":42},"end":{"line":79,"column":43}},"loc":{"start":{"line":79,"column":49},"end":{"line":79,"column":62}}},"10":{"name":"(anonymous_10)","decl":{"start":{"line":83,"column":34},"end":{"line":83,"column":35}},"loc":{"start":{"line":83,"column":41},"end":{"line":83,"column":56}}},"11":{"name":"(anonymous_11)","decl":{"start":{"line":101,"column":22},"end":{"line":101,"column":23}},"loc":{"start":{"line":101,"column":32},"end":{"line":101,"column":52}}},"12":{"name":"(anonymous_12)","decl":{"start":{"line":103,"column":22},"end":{"line":103,"column":23}},"loc":{"start":{"line":103,"column":29},"end":{"line":103,"column":42}}}},"branchMap":{"0":{"loc":{"start":{"line":30,"column":6},"end":{"line":30,"column":61}},"type":"if","locations":[{"start":{"line":30,"column":6},"end":{"line":30,"column":61}}]},"1":{"loc":{"start":{"line":78,"column":6},"end":{"line":81,"column":7}},"type":"if","locations":[{"start":{"line":78,"column":6},"end":{"line":81,"column":7}}]},"2":{"loc":{"start":{"line":80,"column":15},"end":{"line":80,"column":43}},"type":"cond-expr","locations":[{"start":{"line":80,"column":31},"end":{"line":80,"column":39}},{"start":{"line":80,"column":42},"end":{"line":80,"column":43}}]},"3":{"loc":{"start":{"line":84,"column":6},"end":{"line":84,"column":26}},"type":"if","locations":[{"start":{"line":84,"column":6},"end":{"line":84,"column":26}}]},"4":{"loc":{"start":{"line":95,"column":6},"end":{"line":95,"column":60}},"type":"if","locations":[{"start":{"line":95,"column":6},"end":{"line":95,"column":60}}]}},"s":{"0":5,"1":5,"2":71,"3":71,"4":71,"5":186,"6":406,"7":186,"8":0,"9":186,"10":186,"11":186,"12":186,"13":186,"14":186,"15":71,"16":151,"17":186,"18":186,"19":186,"20":186,"21":151,"22":71,"23":71,"24":151,"25":71,"26":71,"27":71,"28":71,"29":336,"30":140,"31":210,"32":140,"33":196,"34":426,"35":196,"36":10,"37":186,"38":186,"39":150,"40":150,"41":186,"42":186,"43":186,"44":151,"45":186,"46":186,"47":71,"48":186,"49":71,"50":151,"51":5},"f":{"0":71,"1":186,"2":406,"3":186,"4":151,"5":186,"6":186,"7":71,"8":336,"9":210,"10":426,"11":186,"12":151},"b":{"0":[0],"1":[140],"2":[140,0],"3":[10],"4":[151]}}
,"C:\\Users\\linde\\AppData\\Local\\Temp\\julia-3.0-development\\src\\core\\report-generator.ts": {"path":"C:\\Users\\linde\\AppData\\Local\\Temp\\julia-3.0-development\\src\\core\\report-generator.ts","statementMap":{"0":{"start":{"line":6,"column":0},"end":{"line":6,"column":24}},"1":{"start":{"line":10,"column":13},"end":{"line":37,"column":3}},"2":{"start":{"line":48,"column":23},"end":{"line":48,"column":39}},"3":{"start":{"line":49,"column":28},"end":{"line":49,"column":80}},"4":{"start":{"line":49,"column":50},"end":{"line":49,"column":72}},"5":{"start":{"line":50,"column":24},"end":{"line":50,"column":52}},"6":{"start":{"line":52,"column":29},"end":{"line":52,"column":79}},"7":{"start":{"line":52,"column":56},"end":{"line":52,"column":75}},"8":{"start":{"line":53,"column":30},"end":{"line":55,"column":null}},"9":{"start":{"line":54,"column":18},"end":{"line":54,"column":38}},"10":{"start":{"line":57,"column":29},"end":{"line":58,"column":null}},"11":{"start":{"line":61,"column":26},"end":{"line":61,"column":43}},"12":{"start":{"line":62,"column":4},"end":{"line":62,"column":81}},"13":{"start":{"line":62,"column":27},"end":{"line":62,"column":79}},"14":{"start":{"line":62,"column":58},"end":{"line":62,"column":78}},"15":{"start":{"line":64,"column":4},"end":{"line":93,"column":6}},"16":{"start":{"line":97,"column":4},"end":{"line":126,"column":13}},"17":{"start":{"line":130,"column":4},"end":{"line":130,"column":43}},"18":{"start":{"line":134,"column":4},"end":{"line":135,"column":166}},"19":{"start":{"line":41,"column":0},"end":{"line":41,"column":13}}},"fnMap":{"0":{"name":"(anonymous_0)","decl":{"start":{"line":42,"column":2},"end":{"line":42,"column":10}},"loc":{"start":{"line":46,"column":18},"end":{"line":94,"column":3}}},"1":{"name":"(anonymous_1)","decl":{"start":{"line":49,"column":43},"end":{"line":49,"column":44}},"loc":{"start":{"line":49,"column":50},"end":{"line":49,"column":72}}},"2":{"name":"(anonymous_2)","decl":{"start":{"line":52,"column":44},"end":{"line":52,"column":45}},"loc":{"start":{"line":52,"column":56},"end":{"line":52,"column":75}}},"3":{"name":"(anonymous_3)","decl":{"start":{"line":54,"column":6},"end":{"line":54,"column":7}},"loc":{"start":{"line":54,"column":18},"end":{"line":54,"column":38}}},"4":{"name":"(anonymous_4)","decl":{"start":{"line":62,"column":20},"end":{"line":62,"column":21}},"loc":{"start":{"line":62,"column":27},"end":{"line":62,"column":79}}},"5":{"name":"(anonymous_5)","decl":{"start":{"line":62,"column":51},"end":{"line":62,"column":52}},"loc":{"start":{"line":62,"column":58},"end":{"line":62,"column":78}}},"6":{"name":"(anonymous_6)","decl":{"start":{"line":96,"column":2},"end":{"line":96,"column":8}},"loc":{"start":{"line":96,"column":32},"end":{"line":127,"column":3}}},"7":{"name":"(anonymous_7)","decl":{"start":{"line":129,"column":2},"end":{"line":129,"column":8}},"loc":{"start":{"line":129,"column":32},"end":{"line":131,"column":3}}},"8":{"name":"(anonymous_8)","decl":{"start":{"line":133,"column":2},"end":{"line":133,"column":7}},"loc":{"start":{"line":133,"column":31},"end":{"line":136,"column":3}}}},"branchMap":{"0":{"loc":{"start":{"line":67,"column":14},"end":{"line":67,"column":55}},"type":"cond-expr","locations":[{"start":{"line":67,"column":34},"end":{"line":67,"column":43}},{"start":{"line":67,"column":46},"end":{"line":67,"column":55}}]},"1":{"loc":{"start":{"line":114,"column":16},"end":{"line":114,"column":57}},"type":"cond-expr","locations":[{"start":{"line":114,"column":48},"end":{"line":114,"column":51}},{"start":{"line":114,"column":54},"end":{"line":114,"column":57}}]},"2":{"loc":{"start":{"line":115,"column":10},"end":{"line":115,"column":45}},"type":"cond-expr","locations":[{"start":{"line":115,"column":36},"end":{"line":115,"column":39}},{"start":{"line":115,"column":42},"end":{"line":115,"column":45}}]},"3":{"loc":{"start":{"line":116,"column":10},"end":{"line":116,"column":45}},"type":"cond-expr","locations":[{"start":{"line":116,"column":36},"end":{"line":116,"column":39}},{"start":{"line":116,"column":42},"end":{"line":116,"column":45}}]}},"s":{"0":4,"1":4,"2":62,"3":62,"4":150,"5":62,"6":62,"7":150,"8":62,"9":150,"10":62,"11":62,"12":62,"13":150,"14":150,"15":62,"16":1,"17":1,"18":1,"19":4},"f":{"0":62,"1":150,"2":150,"3":150,"4":150,"5":150,"6":1,"7":1,"8":1},"b":{"0":[62,0],"1":[1,0],"2":[1,0],"3":[1,0]}}
,"C:\\Users\\linde\\AppData\\Local\\Temp\\julia-3.0-development\\src\\core\\validators.ts": {"path":"C:\\Users\\linde\\AppData\\Local\\Temp\\julia-3.0-development\\src\\core\\validators.ts","statementMap":{"0":{"start":{"line":13,"column":10},"end":{"line":13,"column":39}},"1":{"start":{"line":16,"column":4},"end":{"line":16,"column":32}},"2":{"start":{"line":20,"column":4},"end":{"line":25,"column":7}},"3":{"start":{"line":23,"column":8},"end":{"line":23,"column":60}},"4":{"start":{"line":27,"column":4},"end":{"line":32,"column":7}},"5":{"start":{"line":30,"column":8},"end":{"line":30,"column":57}},"6":{"start":{"line":34,"column":4},"end":{"line":43,"column":7}},"7":{"start":{"line":37,"column":8},"end":{"line":37,"column":51}},"8":{"start":{"line":37,"column":39},"end":{"line":37,"column":51}},"9":{"start":{"line":38,"column":8},"end":{"line":40,"column":10}},"10":{"start":{"line":47,"column":4},"end":{"line":47,"column":26}},"11":{"start":{"line":51,"column":29},"end":{"line":51,"column":31}},"12":{"start":{"line":53,"column":4},"end":{"line":63,"column":5}},"13":{"start":{"line":54,"column":6},"end":{"line":62,"column":7}},"14":{"start":{"line":55,"column":8},"end":{"line":57,"column":9}},"15":{"start":{"line":56,"column":10},"end":{"line":56,"column":56}},"16":{"start":{"line":59,"column":8},"end":{"line":61,"column":10}},"17":{"start":{"line":65,"column":4},"end":{"line":68,"column":6}},"18":{"start":{"line":12,"column":0},"end":{"line":12,"column":13}},"19":{"start":{"line":77,"column":4},"end":{"line":77,"column":58}},"20":{"start":{"line":81,"column":4},"end":{"line":81,"column":39}},"21":{"start":{"line":85,"column":4},"end":{"line":85,"column":37}},"22":{"start":{"line":91,"column":4},"end":{"line":91,"column":61}},"23":{"start":{"line":72,"column":0},"end":{"line":72,"column":13}}},"fnMap":{"0":{"name":"(anonymous_0)","decl":{"start":{"line":15,"column":2},"end":{"line":15,"column":null}},"loc":{"start":{"line":15,"column":2},"end":{"line":17,"column":3}}},"1":{"name":"(anonymous_1)","decl":{"start":{"line":19,"column":10},"end":{"line":19,"column":30}},"loc":{"start":{"line":19,"column":30},"end":{"line":44,"column":3}}},"2":{"name":"(anonymous_2)","decl":{"start":{"line":22,"column":16},"end":{"line":22,"column":17}},"loc":{"start":{"line":23,"column":8},"end":{"line":23,"column":60}}},"3":{"name":"(anonymous_3)","decl":{"start":{"line":29,"column":16},"end":{"line":29,"column":17}},"loc":{"start":{"line":30,"column":8},"end":{"line":30,"column":57}}},"4":{"name":"(anonymous_4)","decl":{"start":{"line":36,"column":16},"end":{"line":36,"column":17}},"loc":{"start":{"line":36,"column":35},"end":{"line":41,"column":7}}},"5":{"name":"(anonymous_5)","decl":{"start":{"line":46,"column":2},"end":{"line":46,"column":9}},"loc":{"start":{"line":46,"column":30},"end":{"line":48,"column":3}}},"6":{"name":"(anonymous_6)","decl":{"start":{"line":50,"column":2},"end":{"line":50,"column":10}},"loc":{"start":{"line":50,"column":24},"end":{"line":69,"column":3}}},"7":{"name":"(anonymous_7)","decl":{"start":{"line":73,"column":2},"end":{"line":73,"column":28}},"loc":{"start":{"line":75,"column":24},"end":{"line":78,"column":3}}},"8":{"name":"(anonymous_8)","decl":{"start":{"line":80,"column":2},"end":{"line":80,"column":27}},"loc":{"start":{"line":80,"column":42},"end":{"line":82,"column":3}}},"9":{"name":"(anonymous_9)","decl":{"start":{"line":84,"column":2},"end":{"line":84,"column":19}},"loc":{"start":{"line":84,"column":33},"end":{"line":86,"column":3}}},"10":{"name":"(anonymous_10)","decl":{"start":{"line":88,"column":2},"end":{"line":88,"column":25}},"loc":{"start":{"line":89,"column":18},"end":{"line":92,"column":3}}}},"branchMap":{"0":{"loc":{"start":{"line":23,"column":8},"end":{"line":23,"column":60}},"type":"binary-expr","locations":[{"start":{"line":23,"column":8},"end":{"line":23,"column":33}},{"start":{"line":23,"column":37},"end":{"line":23,"column":60}}]},"1":{"loc":{"start":{"line":30,"column":8},"end":{"line":30,"column":57}},"type":"binary-expr","locations":[{"start":{"line":30,"column":8},"end":{"line":30,"column":33}},{"start":{"line":30,"column":37},"end":{"line":30,"column":57}}]},"2":{"loc":{"start":{"line":37,"column":8},"end":{"line":37,"column":51}},"type":"if","locations":[{"start":{"line":37,"column":8},"end":{"line":37,"column":51}}]},"3":{"loc":{"start":{"line":55,"column":8},"end":{"line":57,"column":9}},"type":"if","locations":[{"start":{"line":55,"column":8},"end":{"line":57,"column":9}}]},"4":{"loc":{"start":{"line":60,"column":46},"end":{"line":60,"column":96}},"type":"cond-expr","locations":[{"start":{"line":60,"column":71},"end":{"line":60,"column":84}},{"start":{"line":60,"column":87},"end":{"line":60,"column":96}}]},"5":{"loc":{"start":{"line":77,"column":11},"end":{"line":77,"column":57}},"type":"binary-expr","locations":[{"start":{"line":77,"column":11},"end":{"line":77,"column":37}},{"start":{"line":77,"column":41},"end":{"line":77,"column":57}}]},"6":{"loc":{"start":{"line":81,"column":11},"end":{"line":81,"column":38}},"type":"binary-expr","locations":[{"start":{"line":81,"column":11},"end":{"line":81,"column":22}},{"start":{"line":81,"column":26},"end":{"line":81,"column":38}}]},"7":{"loc":{"start":{"line":85,"column":11},"end":{"line":85,"column":36}},"type":"binary-expr","locations":[{"start":{"line":85,"column":11},"end":{"line":85,"column":20}},{"start":{"line":85,"column":24},"end":{"line":85,"column":36}}]}},"s":{"0":11,"1":11,"2":11,"3":11,"4":11,"5":11,"6":11,"7":11,"8":0,"9":11,"10":34,"11":11,"12":11,"13":34,"14":34,"15":8,"16":0,"17":11,"18":1,"19":3,"20":4,"21":4,"22":4,"23":1},"f":{"0":11,"1":11,"2":11,"3":11,"4":11,"5":34,"6":11,"7":3,"8":4,"9":4,"10":4},"b":{"0":[11,11],"1":[11,11],"2":[0],"3":[8],"4":[0,0],"5":[3,2],"6":[4,3],"7":[4,3]}}
}
