{"C:\\Users\\linde\\AppData\\Local\\Temp\\julia-3.0-development\\src\\core\\ail-compiler.ts": {"path":"C:\\Users\\linde\\AppData\\Local\\Temp\\julia-3.0-development\\src\\core\\ail-compiler.ts","statementMap":{"0":{"start":{"line":6,"column":0},"end":{"line":6,"column":24}},"1":{"start":{"line":8,"column":0},"end":{"line":8,"column":24}},"2":{"start":{"line":10,"column":13},"end":{"line":18,"column":3}},"3":{"start":{"line":22,"column":46},"end":{"line":32,"column":2}},"4":{"start":{"line":34,"column":55},"end":{"line":40,"column":2}},"5":{"start":{"line":44,"column":16},"end":{"line":44,"column":61}},"6":{"start":{"line":45,"column":16},"end":{"line":45,"column":29}},"7":{"start":{"line":46,"column":16},"end":{"line":46,"column":43}},"8":{"start":{"line":47,"column":17},"end":{"line":47,"column":36}},"9":{"start":{"line":48,"column":19},"end":{"line":48,"column":41}},"10":{"start":{"line":50,"column":22},"end":{"line":56,"column":6}},"11":{"start":{"line":58,"column":17},"end":{"line":58,"column":42}},"12":{"start":{"line":59,"column":20},"end":{"line":59,"column":45}},"13":{"start":{"line":60,"column":20},"end":{"line":60,"column":35}},"14":{"start":{"line":62,"column":27},"end":{"line":62,"column":56}},"15":{"start":{"line":63,"column":29},"end":{"line":63,"column":58}},"16":{"start":{"line":65,"column":6},"end":{"line":66,"column":22}},"17":{"start":{"line":68,"column":4},"end":{"line":76,"column":6}},"18":{"start":{"line":42,"column":0},"end":{"line":42,"column":13}}},"fnMap":{"0":{"name":"(anonymous_1)","decl":{"start":{"line":43,"column":2},"end":{"line":43,"column":9}},"loc":{"start":{"line":43,"column":24},"end":{"line":77,"column":3}}}},"branchMap":{"0":{"loc":{"start":{"line":44,"column":16},"end":{"line":44,"column":61}},"type":"binary-expr","locations":[{"start":{"line":44,"column":16},"end":{"line":44,"column":44}},{"start":{"line":44,"column":48},"end":{"line":44,"column":61}}]}},"s":{"0":6,"1":6,"2":6,"3":6,"4":6,"5":51,"6":51,"7":51,"8":51,"9":51,"10":51,"11":51,"12":51,"13":51,"14":51,"15":51,"16":51,"17":51,"18":6},"f":{"0":51},"b":{"0":[51,0]}}
,"C:\\Users\\linde\\AppData\\Local\\Temp\\julia-3.0-development\\src\\core\\auto-interpreter.ts": {"path":"C:\\Users\\linde\\AppData\\Local\\Temp\\julia-3.0-development\\src\\core\\auto-interpreter.ts","statementMap":{"0":{"start":{"line":6,"column":0},"end":{"line":6,"column":24}},"1":{"start":{"line":8,"column":13},"end":{"line":14,"column":3}},"2":{"start":{"line":19,"column":10},"end":{"line":22,"column":16}},"3":{"start":{"line":25,"column":4},"end":{"line":25,"column":34}},"4":{"start":{"line":29,"column":4},"end":{"line":32,"column":7}},"5":{"start":{"line":34,"column":4},"end":{"line":37,"column":7}},"6":{"start":{"line":39,"column":4},"end":{"line":42,"column":7}},"7":{"start":{"line":50,"column":4},"end":{"line":50,"column":62}},"8":{"start":{"line":54,"column":23},"end":{"line":54,"column":46}},"9":{"start":{"line":56,"column":35},"end":{"line":56,"column":46}},"10":{"start":{"line":57,"column":4},"end":{"line":60,"column":64}},"11":{"start":{"line":57,"column":41},"end":{"line":57,"column":61}},"12":{"start":{"line":58,"column":9},"end":{"line":60,"column":64}},"13":{"start":{"line":58,"column":43},"end":{"line":58,"column":60}},"14":{"start":{"line":59,"column":9},"end":{"line":60,"column":64}},"15":{"start":{"line":59,"column":41},"end":{"line":59,"column":56}},"16":{"start":{"line":60,"column":9},"end":{"line":60,"column":64}},"17":{"start":{"line":60,"column":45},"end":{"line":60,"column":64}},"18":{"start":{"line":62,"column":17},"end":{"line":62,"column":19}},"19":{"start":{"line":63,"column":24},"end":{"line":63,"column":62}},"20":{"start":{"line":64,"column":4},"end":{"line":69,"column":5}},"21":{"start":{"line":65,"column":6},"end":{"line":68,"column":7}},"22":{"start":{"line":66,"column":8},"end":{"line":66,"column":28}},"23":{"start":{"line":67,"column":8},"end":{"line":67,"column":14}},"24":{"start":{"line":71,"column":4},"end":{"line":74,"column":5}},"25":{"start":{"line":72,"column":20},"end":{"line":72,"column":42}},"26":{"start":{"line":73,"column":6},"end":{"line":73,"column":40}},"27":{"start":{"line":76,"column":23},"end":{"line":79,"column":6}},"28":{"start":{"line":81,"column":23},"end":{"line":81,"column":53}},"29":{"start":{"line":83,"column":4},"end":{"line":89,"column":6}},"30":{"start":{"line":18,"column":0},"end":{"line":18,"column":13}}},"fnMap":{"0":{"name":"(anonymous_0)","decl":{"start":{"line":24,"column":2},"end":{"line":24,"column":null}},"loc":{"start":{"line":24,"column":2},"end":{"line":26,"column":3}}},"1":{"name":"(anonymous_1)","decl":{"start":{"line":28,"column":10},"end":{"line":28,"column":32}},"loc":{"start":{"line":28,"column":32},"end":{"line":43,"column":3}}},"2":{"name":"(anonymous_2)","decl":{"start":{"line":45,"column":2},"end":{"line":45,"column":16}},"loc":{"start":{"line":48,"column":26},"end":{"line":51,"column":3}}},"3":{"name":"(anonymous_3)","decl":{"start":{"line":53,"column":2},"end":{"line":53,"column":7}},"loc":{"start":{"line":53,"column":25},"end":{"line":90,"column":3}}}},"branchMap":{"0":{"loc":{"start":{"line":57,"column":4},"end":{"line":60,"column":64}},"type":"if","locations":[{"start":{"line":57,"column":4},"end":{"line":60,"column":64}},{"start":{"line":58,"column":9},"end":{"line":60,"column":64}}]},"1":{"loc":{"start":{"line":58,"column":9},"end":{"line":60,"column":64}},"type":"if","locations":[{"start":{"line":58,"column":9},"end":{"line":60,"column":64}},{"start":{"line":59,"column":9},"end":{"line":60,"column":64}}]},"2":{"loc":{"start":{"line":59,"column":9},"end":{"line":60,"column":64}},"type":"if","locations":[{"start":{"line":59,"column":9},"end":{"line":60,"column":64}},{"start":{"line":60,"column":9},"end":{"line":60,"column":64}}]},"3":{"loc":{"start":{"line":60,"column":9},"end":{"line":60,"column":64}},"type":"if","locations":[{"start":{"line":60,"column":9},"end":{"line":60,"column":64}}]},"4":{"loc":{"start":{"line":65,"column":6},"end":{"line":68,"column":7}},"type":"if","locations":[{"start":{"line":65,"column":6},"end":{"line":68,"column":7}}]},"5":{"loc":{"start":{"line":71,"column":4},"end":{"line":74,"column":5}},"type":"if","locations":[{"start":{"line":71,"column":4},"end":{"line":74,"column":5}}]},"6":{"loc":{"start":{"line":76,"column":23},"end":{"line":79,"column":6}},"type":"binary-expr","locations":[{"start":{"line":76,"column":23},"end":{"line":76,"column":54}},{"start":{"line":76,"column":58},"end":{"line":79,"column":6}}]},"7":{"loc":{"start":{"line":81,"column":23},"end":{"line":81,"column":53}},"type":"cond-expr","locations":[{"start":{"line":81,"column":43},"end":{"line":81,"column":47}},{"start":{"line":81,"column":50},"end":{"line":81,"column":53}}]}},"s":{"0":7,"1":7,"2":67,"3":67,"4":67,"5":67,"6":67,"7":1,"8":68,"9":68,"10":68,"11":5,"12":63,"13":3,"14":60,"15":3,"16":57,"17":1,"18":68,"19":68,"20":68,"21":102,"22":54,"23":54,"24":68,"25":14,"26":14,"27":68,"28":68,"29":68,"30":7},"f":{"0":67,"1":67,"2":1,"3":68},"b":{"0":[5,63],"1":[3,60],"2":[3,57],"3":[1],"4":[54],"5":[14],"6":[68,10],"7":[68,0]}}
,"C:\\Users\\linde\\AppData\\Local\\Temp\\julia-3.0-development\\src\\core\\dag-builder.ts": {"path":"C:\\Users\\linde\\AppData\\Local\\Temp\\julia-3.0-development\\src\\core\\dag-builder.ts","statementMap":{"0":{"start":{"line":6,"column":0},"end":{"line":6,"column":24}},"1":{"start":{"line":9,"column":13},"end":{"line":13,"column":3}},"2":{"start":{"line":15,"column":13},"end":{"line":20,"column":3}},"3":{"start":{"line":27,"column":19},"end":{"line":27,"column":29}},"4":{"start":{"line":28,"column":26},"end":{"line":32,"column":7}},"5":{"start":{"line":28,"column":54},"end":{"line":32,"column":6}},"6":{"start":{"line":34,"column":24},"end":{"line":35,"column":null}},"7":{"start":{"line":35,"column":6},"end":{"line":35,"column":38}},"8":{"start":{"line":37,"column":23},"end":{"line":38,"column":null}},"9":{"start":{"line":38,"column":6},"end":{"line":38,"column":41}},"10":{"start":{"line":40,"column":24},"end":{"line":41,"column":null}},"11":{"start":{"line":41,"column":6},"end":{"line":41,"column":42}},"12":{"start":{"line":43,"column":18},"end":{"line":43,"column":73}},"13":{"start":{"line":43,"column":42},"end":{"line":43,"column":72}},"14":{"start":{"line":45,"column":4},"end":{"line":57,"column":5}},"15":{"start":{"line":51,"column":6},"end":{"line":51,"column":63}},"16":{"start":{"line":52,"column":6},"end":{"line":52,"column":64}},"17":{"start":{"line":53,"column":6},"end":{"line":56,"column":8}},"18":{"start":{"line":59,"column":25},"end":{"line":59,"column":56}},"19":{"start":{"line":61,"column":6},"end":{"line":61,"column":59}},"20":{"start":{"line":63,"column":27},"end":{"line":63,"column":59}},"21":{"start":{"line":65,"column":4},"end":{"line":70,"column":6}},"22":{"start":{"line":74,"column":35},"end":{"line":74,"column":44}},"23":{"start":{"line":75,"column":27},"end":{"line":75,"column":29}},"24":{"start":{"line":77,"column":21},"end":{"line":91,"column":5}},"25":{"start":{"line":78,"column":6},"end":{"line":78,"column":43}},"26":{"start":{"line":78,"column":33},"end":{"line":78,"column":43}},"27":{"start":{"line":79,"column":6},"end":{"line":79,"column":28}},"28":{"start":{"line":81,"column":19},"end":{"line":81,"column":53}},"29":{"start":{"line":81,"column":37},"end":{"line":81,"column":52}},"30":{"start":{"line":82,"column":6},"end":{"line":84,"column":7}},"31":{"start":{"line":83,"column":8},"end":{"line":83,"column":24}},"32":{"start":{"line":86,"column":25},"end":{"line":88,"column":47}},"33":{"start":{"line":87,"column":22},"end":{"line":87,"column":35}},"34":{"start":{"line":88,"column":24},"end":{"line":88,"column":43}},"35":{"start":{"line":90,"column":6},"end":{"line":90,"column":37}},"36":{"start":{"line":93,"column":4},"end":{"line":99,"column":7}},"37":{"start":{"line":94,"column":26},"end":{"line":94,"column":43}},"38":{"start":{"line":95,"column":6},"end":{"line":98,"column":7}},"39":{"start":{"line":96,"column":8},"end":{"line":96,"column":24}},"40":{"start":{"line":97,"column":8},"end":{"line":97,"column":34}},"41":{"start":{"line":101,"column":4},"end":{"line":101,"column":16}},"42":{"start":{"line":105,"column":34},"end":{"line":105,"column":36}},"43":{"start":{"line":107,"column":4},"end":{"line":123,"column":7}},"44":{"start":{"line":108,"column":18},"end":{"line":108,"column":19}},"45":{"start":{"line":109,"column":6},"end":{"line":119,"column":7}},"46":{"start":{"line":110,"column":8},"end":{"line":118,"column":16}},"47":{"start":{"line":113,"column":30},"end":{"line":113,"column":61}},"48":{"start":{"line":113,"column":48},"end":{"line":113,"column":60}},"49":{"start":{"line":114,"column":14},"end":{"line":116,"column":20}},"50":{"start":{"line":115,"column":42},"end":{"line":115,"column":59}},"51":{"start":{"line":121,"column":6},"end":{"line":121,"column":52}},"52":{"start":{"line":121,"column":26},"end":{"line":121,"column":52}},"53":{"start":{"line":122,"column":6},"end":{"line":122,"column":33}},"54":{"start":{"line":125,"column":4},"end":{"line":130,"column":19}},"55":{"start":{"line":127,"column":24},"end":{"line":127,"column":37}},"56":{"start":{"line":128,"column":8},"end":{"line":128,"column":76}},"57":{"start":{"line":25,"column":0},"end":{"line":25,"column":13}}},"fnMap":{"0":{"name":"(anonymous_0)","decl":{"start":{"line":26,"column":2},"end":{"line":26,"column":7}},"loc":{"start":{"line":26,"column":26},"end":{"line":71,"column":3}}},"1":{"name":"(anonymous_1)","decl":{"start":{"line":28,"column":37},"end":{"line":28,"column":38}},"loc":{"start":{"line":28,"column":54},"end":{"line":32,"column":6}}},"2":{"name":"(anonymous_2)","decl":{"start":{"line":34,"column":41},"end":{"line":34,"column":42}},"loc":{"start":{"line":35,"column":6},"end":{"line":35,"column":38}}},"3":{"name":"(anonymous_3)","decl":{"start":{"line":37,"column":40},"end":{"line":37,"column":41}},"loc":{"start":{"line":38,"column":6},"end":{"line":38,"column":41}}},"4":{"name":"(anonymous_4)","decl":{"start":{"line":40,"column":41},"end":{"line":40,"column":42}},"loc":{"start":{"line":41,"column":6},"end":{"line":41,"column":42}}},"5":{"name":"(anonymous_5)","decl":{"start":{"line":43,"column":35},"end":{"line":43,"column":36}},"loc":{"start":{"line":43,"column":42},"end":{"line":43,"column":72}}},"6":{"name":"(anonymous_6)","decl":{"start":{"line":73,"column":10},"end":{"line":73,"column":29}},"loc":{"start":{"line":73,"column":43},"end":{"line":102,"column":3}}},"7":{"name":"(anonymous_7)","decl":{"start":{"line":77,"column":21},"end":{"line":77,"column":22}},"loc":{"start":{"line":77,"column":50},"end":{"line":91,"column":5}}},"8":{"name":"(anonymous_8)","decl":{"start":{"line":81,"column":30},"end":{"line":81,"column":31}},"loc":{"start":{"line":81,"column":37},"end":{"line":81,"column":52}}},"9":{"name":"(anonymous_9)","decl":{"start":{"line":87,"column":13},"end":{"line":87,"column":14}},"loc":{"start":{"line":87,"column":22},"end":{"line":87,"column":35}}},"10":{"name":"(anonymous_10)","decl":{"start":{"line":88,"column":14},"end":{"line":88,"column":15}},"loc":{"start":{"line":88,"column":24},"end":{"line":88,"column":43}}},"11":{"name":"(anonymous_11)","decl":{"start":{"line":93,"column":18},"end":{"line":93,"column":19}},"loc":{"start":{"line":93,"column":27},"end":{"line":99,"column":5}}},"12":{"name":"(anonymous_12)","decl":{"start":{"line":104,"column":10},"end":{"line":104,"column":30}},"loc":{"start":{"line":104,"column":44},"end":{"line":131,"column":3}}},"13":{"name":"(anonymous_13)","decl":{"start":{"line":107,"column":18},"end":{"line":107,"column":19}},"loc":{"start":{"line":107,"column":27},"end":{"line":123,"column":5}}},"14":{"name":"(anonymous_14)","decl":{"start":{"line":112,"column":37},"end":{"line":112,"column":38}},"loc":{"start":{"line":112,"column":45},"end":{"line":117,"column":13}}},"15":{"name":"(anonymous_15)","decl":{"start":{"line":113,"column":41},"end":{"line":113,"column":42}},"loc":{"start":{"line":113,"column":48},"end":{"line":113,"column":60}}},"16":{"name":"(anonymous_16)","decl":{"start":{"line":115,"column":35},"end":{"line":115,"column":36}},"loc":{"start":{"line":115,"column":42},"end":{"line":115,"column":59}}},"17":{"name":"(anonymous_17)","decl":{"start":{"line":126,"column":11},"end":{"line":126,"column":12}},"loc":{"start":{"line":126,"column":17},"end":{"line":129,"column":7}}}},"branchMap":{"0":{"loc":{"start":{"line":31,"column":20},"end":{"line":31,"column":48}},"type":"cond-expr","locations":[{"start":{"line":31,"column":32},"end":{"line":31,"column":34}},{"start":{"line":31,"column":37},"end":{"line":31,"column":48}}]},"1":{"loc":{"start":{"line":45,"column":4},"end":{"line":57,"column":5}},"type":"if","locations":[{"start":{"line":45,"column":4},"end":{"line":57,"column":5}}]},"2":{"loc":{"start":{"line":46,"column":6},"end":{"line":49,"column":16}},"type":"binary-expr","locations":[{"start":{"line":46,"column":6},"end":{"line":46,"column":22}},{"start":{"line":47,"column":6},"end":{"line":47,"column":21}},{"start":{"line":48,"column":6},"end":{"line":48,"column":22}},{"start":{"line":49,"column":6},"end":{"line":49,"column":16}}]},"3":{"loc":{"start":{"line":61,"column":6},"end":{"line":61,"column":59}},"type":"binary-expr","locations":[{"start":{"line":61,"column":6},"end":{"line":61,"column":54}},{"start":{"line":61,"column":58},"end":{"line":61,"column":59}}]},"4":{"loc":{"start":{"line":78,"column":6},"end":{"line":78,"column":43}},"type":"if","locations":[{"start":{"line":78,"column":6},"end":{"line":78,"column":43}}]},"5":{"loc":{"start":{"line":82,"column":6},"end":{"line":84,"column":7}},"type":"if","locations":[{"start":{"line":82,"column":6},"end":{"line":84,"column":7}}]},"6":{"loc":{"start":{"line":82,"column":10},"end":{"line":82,"column":49}},"type":"binary-expr","locations":[{"start":{"line":82,"column":10},"end":{"line":82,"column":15}},{"start":{"line":82,"column":19},"end":{"line":82,"column":49}}]},"7":{"loc":{"start":{"line":95,"column":6},"end":{"line":98,"column":7}},"type":"if","locations":[{"start":{"line":95,"column":6},"end":{"line":98,"column":7}}]},"8":{"loc":{"start":{"line":109,"column":6},"end":{"line":119,"column":7}},"type":"if","locations":[{"start":{"line":109,"column":6},"end":{"line":119,"column":7}}]},"9":{"loc":{"start":{"line":114,"column":21},"end":{"line":116,"column":19}},"type":"cond-expr","locations":[{"start":{"line":115,"column":18},"end":{"line":115,"column":60}},{"start":{"line":116,"column":18},"end":{"line":116,"column":19}}]},"10":{"loc":{"start":{"line":121,"column":6},"end":{"line":121,"column":52}},"type":"if","locations":[{"start":{"line":121,"column":6},"end":{"line":121,"column":52}}]},"11":{"loc":{"start":{"line":128,"column":15},"end":{"line":128,"column":75}},"type":"cond-expr","locations":[{"start":{"line":128,"column":36},"end":{"line":128,"column":62}},{"start":{"line":128,"column":65},"end":{"line":128,"column":75}}]}},"s":{"0":5,"1":5,"2":5,"3":41,"4":41,"5":154,"6":41,"7":43,"8":41,"9":80,"10":41,"11":117,"12":41,"13":154,"14":41,"15":37,"16":37,"17":37,"18":41,"19":41,"20":41,"21":41,"22":41,"23":41,"24":41,"25":304,"26":148,"27":156,"28":156,"29":382,"30":156,"31":43,"32":113,"33":150,"34":37,"35":113,"36":41,"37":154,"38":154,"39":43,"40":43,"41":41,"42":41,"43":41,"44":154,"45":154,"46":113,"47":150,"48":263,"49":150,"50":222,"51":154,"52":117,"53":154,"54":41,"55":117,"56":117,"57":5},"f":{"0":41,"1":154,"2":43,"3":80,"4":117,"5":154,"6":41,"7":304,"8":382,"9":150,"10":37,"11":154,"12":41,"13":154,"14":150,"15":263,"16":222,"17":117},"b":{"0":[41,113],"1":[37],"2":[41,37,37,37],"3":[41,0],"4":[148],"5":[43],"6":[156,154],"7":[43],"8":[113],"9":[148,2],"10":[117],"11":[37,80]}}
,"C:\\Users\\linde\\AppData\\Local\\Temp\\julia-3.0-development\\src\\core\\executor.ts": {"path":"C:\\Users\\linde\\AppData\\Local\\Temp\\julia-3.0-development\\src\\core\\executor.ts","statementMap":{"0":{"start":{"line":6,"column":0},"end":{"line":6,"column":24}},"1":{"start":{"line":9,"column":13},"end":{"line":19,"column":3}},"2":{"start":{"line":25,"column":34},"end":{"line":25,"column":36}},"3":{"start":{"line":26,"column":35},"end":{"line":26,"column":44}},"4":{"start":{"line":28,"column":24},"end":{"line":51,"column":5}},"5":{"start":{"line":29,"column":19},"end":{"line":29,"column":57}},"6":{"start":{"line":29,"column":41},"end":{"line":29,"column":56}},"7":{"start":{"line":30,"column":6},"end":{"line":30,"column":61}},"8":{"start":{"line":30,"column":17},"end":{"line":30,"column":61}},"9":{"start":{"line":32,"column":6},"end":{"line":32,"column":62}},"10":{"start":{"line":32,"column":37},"end":{"line":32,"column":60}},"11":{"start":{"line":34,"column":26},"end":{"line":34,"column":64}},"12":{"start":{"line":35,"column":27},"end":{"line":35,"column":57}},"13":{"start":{"line":36,"column":26},"end":{"line":37,"column":null}},"14":{"start":{"line":40,"column":6},"end":{"line":50,"column":8}},"15":{"start":{"line":53,"column":25},"end":{"line":63,"column":5}},"16":{"start":{"line":54,"column":23},"end":{"line":60,"column":10}},"17":{"start":{"line":55,"column":24},"end":{"line":55,"column":42}},"18":{"start":{"line":57,"column":25},"end":{"line":57,"column":46}},"19":{"start":{"line":58,"column":10},"end":{"line":58,"column":31}},"20":{"start":{"line":59,"column":10},"end":{"line":59,"column":28}},"21":{"start":{"line":62,"column":6},"end":{"line":62,"column":34}},"22":{"start":{"line":65,"column":19},"end":{"line":65,"column":42}},"23":{"start":{"line":66,"column":4},"end":{"line":68,"column":5}},"24":{"start":{"line":67,"column":6},"end":{"line":67,"column":32}},"25":{"start":{"line":70,"column":4},"end":{"line":70,"column":19}},"26":{"start":{"line":74,"column":34},"end":{"line":74,"column":36}},"27":{"start":{"line":75,"column":35},"end":{"line":75,"column":44}},"28":{"start":{"line":77,"column":24},"end":{"line":99,"column":5}},"29":{"start":{"line":78,"column":6},"end":{"line":81,"column":7}},"30":{"start":{"line":79,"column":25},"end":{"line":79,"column":63}},"31":{"start":{"line":79,"column":49},"end":{"line":79,"column":62}},"32":{"start":{"line":80,"column":8},"end":{"line":80,"column":44}},"33":{"start":{"line":83,"column":19},"end":{"line":83,"column":57}},"34":{"start":{"line":83,"column":41},"end":{"line":83,"column":56}},"35":{"start":{"line":84,"column":6},"end":{"line":84,"column":26}},"36":{"start":{"line":84,"column":17},"end":{"line":84,"column":26}},"37":{"start":{"line":86,"column":24},"end":{"line":86,"column":26}},"38":{"start":{"line":87,"column":6},"end":{"line":90,"column":7}},"39":{"start":{"line":88,"column":25},"end":{"line":88,"column":41}},"40":{"start":{"line":89,"column":8},"end":{"line":89,"column":54}},"41":{"start":{"line":92,"column":24},"end":{"line":92,"column":39}},"42":{"start":{"line":93,"column":6},"end":{"line":93,"column":28}},"43":{"start":{"line":95,"column":6},"end":{"line":95,"column":60}},"44":{"start":{"line":95,"column":30},"end":{"line":95,"column":60}},"45":{"start":{"line":96,"column":6},"end":{"line":96,"column":36}},"46":{"start":{"line":98,"column":6},"end":{"line":98,"column":23}},"47":{"start":{"line":101,"column":4},"end":{"line":101,"column":54}},"48":{"start":{"line":101,"column":32},"end":{"line":101,"column":52}},"49":{"start":{"line":103,"column":4},"end":{"line":103,"column":44}},"50":{"start":{"line":103,"column":29},"end":{"line":103,"column":42}},"51":{"start":{"line":23,"column":0},"end":{"line":23,"column":13}}},"fnMap":{"0":{"name":"(anonymous_0)","decl":{"start":{"line":24,"column":2},"end":{"line":24,"column":7}},"loc":{"start":{"line":24,"column":33},"end":{"line":71,"column":3}}},"1":{"name":"(anonymous_1)","decl":{"start":{"line":28,"column":24},"end":{"line":28,"column":29}},"loc":{"start":{"line":28,"column":70},"end":{"line":51,"column":5}}},"2":{"name":"(anonymous_2)","decl":{"start":{"line":29,"column":34},"end":{"line":29,"column":35}},"loc":{"start":{"line":29,"column":41},"end":{"line":29,"column":56}}},"3":{"name":"(anonymous_3)","decl":{"start":{"line":32,"column":24},"end":{"line":32,"column":25}},"loc":{"start":{"line":32,"column":37},"end":{"line":32,"column":60}}},"4":{"name":"(anonymous_4)","decl":{"start":{"line":53,"column":25},"end":{"line":53,"column":30}},"loc":{"start":{"line":53,"column":68},"end":{"line":63,"column":5}}},"5":{"name":"(anonymous_5)","decl":{"start":{"line":55,"column":16},"end":{"line":55,"column":17}},"loc":{"start":{"line":55,"column":24},"end":{"line":55,"column":42}}},"6":{"name":"(anonymous_6)","decl":{"start":{"line":56,"column":13},"end":{"line":56,"column":18}},"loc":{"start":{"line":56,"column":26},"end":{"line":60,"column":9}}},"7":{"name":"(anonymous_7)","decl":{"start":{"line":73,"column":10},"end":{"line":73,"column":23}},"loc":{"start":{"line":73,"column":41},"end":{"line":104,"column":3}}},"8":{"name":"(anonymous_8)","decl":{"start":{"line":77,"column":24},"end":{"line":77,"column":25}},"loc":{"start":{"line":77,"column":51},"end":{"line":99,"column":5}}},"9":{"name":"(anonymous_9)","decl":{"start":{"line":79,"column":42},"end":{"line":79,"column":43}},"loc":{"start":{"line":79,"column":49},"end":{"line":79,"column":62}}},"10":{"name":"(anonymous_10)","decl":{"start":{"line":83,"column":34},"end":{"line":83,"column":35}},"loc":{"start":{"line":83,"column":41},"end":{"line":83,"column":56}}},"11":{"name":"(anonymous_11)","decl":{"start":{"line":101,"column":22},"end":{"line":101,"column":23}},"loc":{"start":{"line":101,"column":32},"end":{"line":101,"column":52}}},"12":{"name":"(anonymous_12)","decl":{"start":{"line":103,"column":22},"end":{"line":103,"column":23}},"loc":{"start":{"line":103,"column":29},"end":{"line":103,"column":42}}}},"branchMap":{"0":{"loc":{"start":{"line":30,"column":6},"end":{"line":30,"column":61}},"type":"if","locations":[{"start":{"line":30,"column":6},"end":{"line":30,"column":61}}]},"1":{"loc":{"start":{"line":78,"column":6},"end":{"line":81,"column":7}},"type":"if","locations":[{"start":{"line":78,"column":6},"end":{"line":81,"column":7}}]},"2":{"loc":{"start":{"line":80,"column":15},"end":{"line":80,"column":43}},"type":"cond-expr","locations":[{"start":{"line":80,"column":31},"end":{"line":80,"column":39}},{"start":{"line":80,"column":42},"end":{"line":80,"column":43}}]},"3":{"loc":{"start":{"line":84,"column":6},"end":{"line":84,"column":26}},"type":"if","locations":[{"start":{"line":84,"column":6},"end":{"line":84,"column":26}}]},"4":{"loc":{"start":{"line":95,"column":6},"end":{"line":95,"column":60}},"type":"if","locations":[{"start":{"line":95,"column":6},"end":{"line":95,"column":60}}]}},"s":{"0":4,"1":4,"2":31,"3":31,"4":31,"5":114,"6":278,"7":114,"8":0,"9":114,"10":114,"11":114,"12":114,"13":114,"14":114,"15":31,"16":87,"17":114,"18":114,"19":114,"20":114,"21":87,"22":31,"23":31,"24":87,"25":31,"26":31,"27":31,"28":31,"29":224,"30":108,"31":162,"32":108,"33":116,"34":282,"35":116,"36":2,"37":114,"38":114,"39":110,"40":110,"41":114,"42":114,"43":114,"44":87,"45":114,"46":114,"47":31,"48":114,"49":31,"50":87,"51":4},"f":{"0":31,"1":114,"2":278,"3":114,"4":87,"5":114,"6":114,"7":31,"8":224,"9":162,"10":282,"11":114,"12":87},"b":{"0":[0],"1":[108],"2":[108,0],"3":[2],"4":[87]}}
,"C:\\Users\\linde\\AppData\\Local\\Temp\\julia-3.0-development\\src\\core\\report-generator.ts": {"path":"C:\\Users\\linde\\AppData\\Local\\Temp\\julia-3.0-development\\src\\core\\report-generator.ts","statementMap":{"0":{"start":{"line":6,"column":0},"end":{"line":6,"column":24}},"1":{"start":{"line":10,"column":13},"end":{"line":37,"column":3}},"2":{"start":{"line":48,"column":23},"end":{"line":48,"column":39}},"3":{"start":{"line":49,"column":28},"end":{"line":49,"column":80}},"4":{"start":{"line":49,"column":50},"end":{"line":49,"column":72}},"5":{"start":{"line":50,"column":24},"end":{"line":50,"column":52}},"6":{"start":{"line":52,"column":29},"end":{"line":52,"column":79}},"7":{"start":{"line":52,"column":56},"end":{"line":52,"column":75}},"8":{"start":{"line":53,"column":30},"end":{"line":55,"column":null}},"9":{"start":{"line":54,"column":18},"end":{"line":54,"column":38}},"10":{"start":{"line":57,"column":29},"end":{"line":58,"column":null}},"11":{"start":{"line":61,"column":26},"end":{"line":61,"column":43}},"12":{"start":{"line":62,"column":4},"end":{"line":62,"column":81}},"13":{"start":{"line":62,"column":27},"end":{"line":62,"column":79}},"14":{"start":{"line":62,"column":58},"end":{"line":62,"column":78}},"15":{"start":{"line":64,"column":4},"end":{"line":93,"column":6}},"16":{"start":{"line":97,"column":4},"end":{"line":126,"column":13}},"17":{"start":{"line":130,"column":4},"end":{"line":130,"column":43}},"18":{"start":{"line":134,"column":4},"end":{"line":135,"column":166}},"19":{"start":{"line":41,"column":0},"end":{"line":41,"column":13}}},"fnMap":{"0":{"name":"(anonymous_0)","decl":{"start":{"line":42,"column":2},"end":{"line":42,"column":10}},"loc":{"start":{"line":46,"column":18},"end":{"line":94,"column":3}}},"1":{"name":"(anonymous_1)","decl":{"start":{"line":49,"column":43},"end":{"line":49,"column":44}},"loc":{"start":{"line":49,"column":50},"end":{"line":49,"column":72}}},"2":{"name":"(anonymous_2)","decl":{"start":{"line":52,"column":44},"end":{"line":52,"column":45}},"loc":{"start":{"line":52,"column":56},"end":{"line":52,"column":75}}},"3":{"name":"(anonymous_3)","decl":{"start":{"line":54,"column":6},"end":{"line":54,"column":7}},"loc":{"start":{"line":54,"column":18},"end":{"line":54,"column":38}}},"4":{"name":"(anonymous_4)","decl":{"start":{"line":62,"column":20},"end":{"line":62,"column":21}},"loc":{"start":{"line":62,"column":27},"end":{"line":62,"column":79}}},"5":{"name":"(anonymous_5)","decl":{"start":{"line":62,"column":51},"end":{"line":62,"column":52}},"loc":{"start":{"line":62,"column":58},"end":{"line":62,"column":78}}},"6":{"name":"(anonymous_6)","decl":{"start":{"line":96,"column":2},"end":{"line":96,"column":8}},"loc":{"start":{"line":96,"column":32},"end":{"line":127,"column":3}}},"7":{"name":"(anonymous_7)","decl":{"start":{"line":129,"column":2},"end":{"line":129,"column":8}},"loc":{"start":{"line":129,"column":32},"end":{"line":131,"column":3}}},"8":{"name":"(anonymous_8)","decl":{"start":{"line":133,"column":2},"end":{"line":133,"column":7}},"loc":{"start":{"line":133,"column":31},"end":{"line":136,"column":3}}}},"branchMap":{"0":{"loc":{"start":{"line":67,"column":14},"end":{"line":67,"column":55}},"type":"cond-expr","locations":[{"start":{"line":67,"column":34},"end":{"line":67,"column":43}},{"start":{"line":67,"column":46},"end":{"line":67,"column":55}}]},"1":{"loc":{"start":{"line":114,"column":16},"end":{"line":114,"column":57}},"type":"cond-expr","locations":[{"start":{"line":114,"column":48},"end":{"line":114,"column":51}},{"start":{"line":114,"column":54},"end":{"line":114,"column":57}}]},"2":{"loc":{"start":{"line":115,"column":10},"end":{"line":115,"column":45}},"type":"cond-expr","locations":[{"start":{"line":115,"column":36},"end":{"line":115,"column":39}},{"start":{"line":115,"column":42},"end":{"line":115,"column":45}}]},"3":{"loc":{"start":{"line":116,"column":10},"end":{"line":116,"column":45}},"type":"cond-expr","locations":[{"start":{"line":116,"column":36},"end":{"line":116,"column":39}},{"start":{"line":116,"column":42},"end":{"line":116,"column":45}}]}},"s":{"0":3,"1":3,"2":22,"3":22,"4":78,"5":22,"6":22,"7":78,"8":22,"9":78,"10":22,"11":22,"12":22,"13":78,"14":78,"15":22,"16":1,"17":1,"18":1,"19":3},"f":{"0":22,"1":78,"2":78,"3":78,"4":78,"5":78,"6":1,"7":1,"8":1},"b":{"0":[22,0],"1":[1,0],"2":[1,0],"3":[1,0]}}
}
