TN:
SF:src\core\ail-compiler.ts
FN:43,(anonymous_1)
FNF:1
FNH:1
FNDA:51,(anonymous_1)
DA:6,6
DA:8,6
DA:10,6
DA:22,6
DA:34,6
DA:42,6
DA:44,51
DA:45,51
DA:46,51
DA:47,51
DA:48,51
DA:50,51
DA:58,51
DA:59,51
DA:60,51
DA:62,51
DA:63,51
DA:65,51
DA:68,51
LF:19
LH:19
BRDA:44,0,0,51
BRDA:44,0,1,0
BRF:2
BRH:1
end_of_record
TN:
SF:src\core\auto-interpreter.ts
FN:24,(anonymous_0)
FN:28,(anonymous_1)
FN:45,(anonymous_2)
FN:53,(anonymous_3)
FNF:4
FNH:4
FNDA:67,(anonymous_0)
FNDA:67,(anonymous_1)
FNDA:1,(anonymous_2)
FNDA:68,(anonymous_3)
DA:6,7
DA:8,7
DA:18,7
DA:19,67
DA:25,67
DA:29,67
DA:34,67
DA:39,67
DA:50,1
DA:54,68
DA:56,68
DA:57,68
DA:58,63
DA:59,60
DA:60,57
DA:62,68
DA:63,68
DA:64,68
DA:65,102
DA:66,54
DA:67,54
DA:71,68
DA:72,14
DA:73,14
DA:76,68
DA:81,68
DA:83,68
LF:27
LH:27
BRDA:57,0,0,5
BRDA:57,0,1,63
BRDA:58,1,0,3
BRDA:58,1,1,60
BRDA:59,2,0,3
BRDA:59,2,1,57
BRDA:60,3,0,1
BRDA:65,4,0,54
BRDA:71,5,0,14
BRDA:76,6,0,68
BRDA:76,6,1,10
BRDA:81,7,0,68
BRDA:81,7,1,0
BRF:13
BRH:12
end_of_record
TN:
SF:src\core\dag-builder.ts
FN:26,(anonymous_0)
FN:28,(anonymous_1)
FN:34,(anonymous_2)
FN:37,(anonymous_3)
FN:40,(anonymous_4)
FN:43,(anonymous_5)
FN:73,(anonymous_6)
FN:77,(anonymous_7)
FN:81,(anonymous_8)
FN:87,(anonymous_9)
FN:88,(anonymous_10)
FN:93,(anonymous_11)
FN:104,(anonymous_12)
FN:107,(anonymous_13)
FN:112,(anonymous_14)
FN:113,(anonymous_15)
FN:115,(anonymous_16)
FN:126,(anonymous_17)
FNF:18
FNH:18
FNDA:41,(anonymous_0)
FNDA:154,(anonymous_1)
FNDA:43,(anonymous_2)
FNDA:80,(anonymous_3)
FNDA:117,(anonymous_4)
FNDA:154,(anonymous_5)
FNDA:41,(anonymous_6)
FNDA:304,(anonymous_7)
FNDA:382,(anonymous_8)
FNDA:150,(anonymous_9)
FNDA:37,(anonymous_10)
FNDA:154,(anonymous_11)
FNDA:41,(anonymous_12)
FNDA:154,(anonymous_13)
FNDA:150,(anonymous_14)
FNDA:263,(anonymous_15)
FNDA:222,(anonymous_16)
FNDA:117,(anonymous_17)
DA:6,5
DA:9,5
DA:15,5
DA:25,5
DA:27,41
DA:28,154
DA:34,41
DA:35,43
DA:37,41
DA:38,80
DA:40,41
DA:41,117
DA:43,154
DA:45,41
DA:51,37
DA:52,37
DA:53,37
DA:59,41
DA:61,41
DA:63,41
DA:65,41
DA:74,41
DA:75,41
DA:77,41
DA:78,304
DA:79,156
DA:81,382
DA:82,156
DA:83,43
DA:86,113
DA:87,150
DA:88,37
DA:90,113
DA:93,41
DA:94,154
DA:95,154
DA:96,43
DA:97,43
DA:101,41
DA:105,41
DA:107,41
DA:108,154
DA:109,154
DA:110,113
DA:113,263
DA:114,150
DA:115,222
DA:121,154
DA:122,154
DA:125,41
DA:127,117
DA:128,117
LF:52
LH:52
BRDA:31,0,0,41
BRDA:31,0,1,113
BRDA:45,1,0,37
BRDA:46,2,0,41
BRDA:46,2,1,37
BRDA:46,2,2,37
BRDA:46,2,3,37
BRDA:61,3,0,41
BRDA:61,3,1,0
BRDA:78,4,0,148
BRDA:82,5,0,43
BRDA:82,6,0,156
BRDA:82,6,1,154
BRDA:95,7,0,43
BRDA:109,8,0,113
BRDA:114,9,0,148
BRDA:114,9,1,2
BRDA:121,10,0,117
BRDA:128,11,0,37
BRDA:128,11,1,80
BRF:20
BRH:19
end_of_record
TN:
SF:src\core\executor.ts
FN:24,(anonymous_0)
FN:28,(anonymous_1)
FN:29,(anonymous_2)
FN:32,(anonymous_3)
FN:53,(anonymous_4)
FN:55,(anonymous_5)
FN:56,(anonymous_6)
FN:73,(anonymous_7)
FN:77,(anonymous_8)
FN:79,(anonymous_9)
FN:83,(anonymous_10)
FN:101,(anonymous_11)
FN:103,(anonymous_12)
FNF:13
FNH:13
FNDA:31,(anonymous_0)
FNDA:114,(anonymous_1)
FNDA:278,(anonymous_2)
FNDA:114,(anonymous_3)
FNDA:87,(anonymous_4)
FNDA:114,(anonymous_5)
FNDA:114,(anonymous_6)
FNDA:31,(anonymous_7)
FNDA:224,(anonymous_8)
FNDA:162,(anonymous_9)
FNDA:282,(anonymous_10)
FNDA:114,(anonymous_11)
FNDA:87,(anonymous_12)
DA:6,4
DA:9,4
DA:23,4
DA:25,31
DA:26,31
DA:28,31
DA:29,278
DA:30,114
DA:32,114
DA:34,114
DA:35,114
DA:36,114
DA:40,114
DA:53,31
DA:54,87
DA:55,114
DA:57,114
DA:58,114
DA:59,114
DA:62,87
DA:65,31
DA:66,31
DA:67,87
DA:70,31
DA:74,31
DA:75,31
DA:77,31
DA:78,224
DA:79,162
DA:80,108
DA:83,282
DA:84,116
DA:86,114
DA:87,114
DA:88,110
DA:89,110
DA:92,114
DA:93,114
DA:95,114
DA:96,114
DA:98,114
DA:101,114
DA:103,87
LF:43
LH:43
BRDA:30,0,0,0
BRDA:78,1,0,108
BRDA:80,2,0,108
BRDA:80,2,1,0
BRDA:84,3,0,2
BRDA:95,4,0,87
BRF:6
BRH:4
end_of_record
TN:
SF:src\core\report-generator.ts
FN:42,(anonymous_0)
FN:49,(anonymous_1)
FN:52,(anonymous_2)
FN:54,(anonymous_3)
FN:62,(anonymous_4)
FN:62,(anonymous_5)
FN:96,(anonymous_6)
FN:129,(anonymous_7)
FN:133,(anonymous_8)
FNF:9
FNH:9
FNDA:22,(anonymous_0)
FNDA:78,(anonymous_1)
FNDA:78,(anonymous_2)
FNDA:78,(anonymous_3)
FNDA:78,(anonymous_4)
FNDA:78,(anonymous_5)
FNDA:1,(anonymous_6)
FNDA:1,(anonymous_7)
FNDA:1,(anonymous_8)
DA:6,3
DA:10,3
DA:41,3
DA:48,22
DA:49,78
DA:50,22
DA:52,78
DA:53,22
DA:54,78
DA:57,22
DA:61,22
DA:62,78
DA:64,22
DA:97,1
DA:130,1
DA:134,1
LF:16
LH:16
BRDA:67,0,0,22
BRDA:67,0,1,0
BRDA:114,1,0,1
BRDA:114,1,1,0
BRDA:115,2,0,1
BRDA:115,2,1,0
BRDA:116,3,0,1
BRDA:116,3,1,0
BRF:8
BRH:4
end_of_record
