TN:
SF:src\cli\benchmark.ts
FN:6,main
FN:17,(anonymous_2)
FN:19,(anonymous_3)
FN:21,(anonymous_4)
FNF:4
FNH:0
FNDA:0,main
FNDA:0,(anonymous_2)
FNDA:0,(anonymous_3)
FNDA:0,(anonymous_4)
DA:3,0
DA:4,0
DA:7,0
DA:9,0
DA:10,0
DA:11,0
DA:13,0
DA:14,0
DA:17,0
DA:19,0
DA:21,0
DA:23,0
DA:24,0
DA:25,0
DA:26,0
DA:28,0
DA:29,0
DA:33,0
LF:18
LH:0
BRF:0
BRH:0
end_of_record
TN:
SF:src\core\ail-compiler.ts
FN:43,(anonymous_1)
FNF:1
FNH:1
FNDA:91,(anonymous_1)
DA:6,7
DA:8,7
DA:10,7
DA:22,7
DA:34,7
DA:42,7
DA:44,91
DA:45,91
DA:46,91
DA:47,91
DA:48,91
DA:50,91
DA:58,91
DA:59,91
DA:60,91
DA:62,91
DA:63,91
DA:65,91
DA:68,91
LF:19
LH:19
BRDA:44,0,0,91
BRDA:44,0,1,0
BRF:2
BRH:1
end_of_record
TN:
SF:src\core\auto-interpreter.ts
FN:24,(anonymous_0)
FN:28,(anonymous_1)
FN:45,(anonymous_2)
FN:53,(anonymous_3)
FNF:4
FNH:4
FNDA:107,(anonymous_0)
FNDA:107,(anonymous_1)
FNDA:1,(anonymous_2)
FNDA:108,(anonymous_3)
DA:6,8
DA:8,8
DA:18,8
DA:19,107
DA:25,107
DA:29,107
DA:34,107
DA:39,107
DA:50,1
DA:54,108
DA:56,108
DA:57,108
DA:58,95
DA:59,84
DA:60,73
DA:62,108
DA:63,108
DA:64,108
DA:65,206
DA:66,62
DA:67,62
DA:71,108
DA:72,46
DA:73,46
DA:76,108
DA:81,108
DA:83,108
LF:27
LH:27
BRDA:57,0,0,13
BRDA:57,0,1,95
BRDA:58,1,0,11
BRDA:58,1,1,84
BRDA:59,2,0,11
BRDA:59,2,1,73
BRDA:60,3,0,9
BRDA:65,4,0,62
BRDA:71,5,0,46
BRDA:76,6,0,108
BRDA:76,6,1,34
BRDA:81,7,0,108
BRDA:81,7,1,0
BRF:13
BRH:12
end_of_record
TN:
SF:src\core\benchmarks.ts
FN:17,runBenchmarks
FN:34,(anonymous_1)
FN:50,formatBenchmarkResults
FN:58,(anonymous_3)
FN:64,(anonymous_4)
FN:66,(anonymous_5)
FN:68,(anonymous_6)
FNF:7
FNH:7
FNDA:8,runBenchmarks
FNDA:72,(anonymous_1)
FNDA:1,formatBenchmarkResults
FNDA:5,(anonymous_3)
FNDA:5,(anonymous_4)
FNDA:5,(anonymous_5)
FNDA:5,(anonymous_6)
DA:6,1
DA:17,1
DA:18,8
DA:26,8
DA:28,8
DA:29,40
DA:30,40
DA:31,40
DA:34,72
DA:37,40
DA:47,8
DA:50,1
DA:51,1
DA:56,1
DA:59,5
DA:63,1
DA:64,5
DA:66,5
DA:68,5
DA:71,1
DA:75,1
LF:21
LH:21
BRF:0
BRH:0
end_of_record
TN:
SF:src\core\dag-builder.ts
FN:26,(anonymous_0)
FN:28,(anonymous_1)
FN:34,(anonymous_2)
FN:37,(anonymous_3)
FN:40,(anonymous_4)
FN:43,(anonymous_5)
FN:73,(anonymous_6)
FN:77,(anonymous_7)
FN:81,(anonymous_8)
FN:87,(anonymous_9)
FN:88,(anonymous_10)
FN:93,(anonymous_11)
FN:104,(anonymous_12)
FN:107,(anonymous_13)
FN:112,(anonymous_14)
FN:113,(anonymous_15)
FN:115,(anonymous_16)
FN:126,(anonymous_17)
FNF:18
FNH:18
FNDA:81,(anonymous_0)
FNDA:226,(anonymous_1)
FNDA:91,(anonymous_2)
FNDA:136,(anonymous_3)
FNDA:181,(anonymous_4)
FNDA:226,(anonymous_5)
FNDA:81,(anonymous_6)
FNDA:416,(anonymous_7)
FNDA:526,(anonymous_8)
FNDA:190,(anonymous_9)
FNDA:45,(anonymous_10)
FNDA:226,(anonymous_11)
FNDA:81,(anonymous_12)
FNDA:226,(anonymous_13)
FNDA:190,(anonymous_14)
FNDA:335,(anonymous_15)
FNDA:270,(anonymous_16)
FNDA:181,(anonymous_17)
DA:6,6
DA:9,6
DA:15,6
DA:25,6
DA:27,81
DA:28,226
DA:34,81
DA:35,91
DA:37,81
DA:38,136
DA:40,81
DA:41,181
DA:43,226
DA:45,81
DA:51,45
DA:52,45
DA:53,45
DA:59,81
DA:61,81
DA:63,81
DA:65,81
DA:74,81
DA:75,81
DA:77,81
DA:78,416
DA:79,236
DA:81,526
DA:82,236
DA:83,91
DA:86,145
DA:87,190
DA:88,45
DA:90,145
DA:93,81
DA:94,226
DA:95,226
DA:96,91
DA:97,91
DA:101,81
DA:105,81
DA:107,81
DA:108,226
DA:109,226
DA:110,145
DA:113,335
DA:114,190
DA:115,270
DA:121,226
DA:122,226
DA:125,81
DA:127,181
DA:128,181
LF:52
LH:52
BRDA:31,0,0,81
BRDA:31,0,1,145
BRDA:45,1,0,45
BRDA:46,2,0,81
BRDA:46,2,1,45
BRDA:46,2,2,45
BRDA:46,2,3,45
BRDA:61,3,0,81
BRDA:61,3,1,0
BRDA:78,4,0,180
BRDA:82,5,0,91
BRDA:82,6,0,236
BRDA:82,6,1,226
BRDA:95,7,0,91
BRDA:109,8,0,145
BRDA:114,9,0,180
BRDA:114,9,1,10
BRDA:121,10,0,181
BRDA:128,11,0,45
BRDA:128,11,1,136
BRF:20
BRH:19
end_of_record
TN:
SF:src\core\executor.ts
FN:24,(anonymous_0)
FN:28,(anonymous_1)
FN:29,(anonymous_2)
FN:32,(anonymous_3)
FN:53,(anonymous_4)
FN:55,(anonymous_5)
FN:56,(anonymous_6)
FN:73,(anonymous_7)
FN:77,(anonymous_8)
FN:79,(anonymous_9)
FN:83,(anonymous_10)
FN:101,(anonymous_11)
FN:103,(anonymous_12)
FNF:13
FNH:13
FNDA:71,(anonymous_0)
FNDA:186,(anonymous_1)
FNDA:406,(anonymous_2)
FNDA:186,(anonymous_3)
FNDA:151,(anonymous_4)
FNDA:186,(anonymous_5)
FNDA:186,(anonymous_6)
FNDA:71,(anonymous_7)
FNDA:336,(anonymous_8)
FNDA:210,(anonymous_9)
FNDA:426,(anonymous_10)
FNDA:186,(anonymous_11)
FNDA:151,(anonymous_12)
DA:6,5
DA:9,5
DA:23,5
DA:25,71
DA:26,71
DA:28,71
DA:29,406
DA:30,186
DA:32,186
DA:34,186
DA:35,186
DA:36,186
DA:40,186
DA:53,71
DA:54,151
DA:55,186
DA:57,186
DA:58,186
DA:59,186
DA:62,151
DA:65,71
DA:66,71
DA:67,151
DA:70,71
DA:74,71
DA:75,71
DA:77,71
DA:78,336
DA:79,210
DA:80,140
DA:83,426
DA:84,196
DA:86,186
DA:87,186
DA:88,150
DA:89,150
DA:92,186
DA:93,186
DA:95,186
DA:96,186
DA:98,186
DA:101,186
DA:103,151
LF:43
LH:43
BRDA:30,0,0,0
BRDA:78,1,0,140
BRDA:80,2,0,140
BRDA:80,2,1,0
BRDA:84,3,0,10
BRDA:95,4,0,151
BRF:6
BRH:4
end_of_record
TN:
SF:src\core\report-generator.ts
FN:42,(anonymous_0)
FN:49,(anonymous_1)
FN:52,(anonymous_2)
FN:54,(anonymous_3)
FN:62,(anonymous_4)
FN:62,(anonymous_5)
FN:96,(anonymous_6)
FN:129,(anonymous_7)
FN:133,(anonymous_8)
FNF:9
FNH:9
FNDA:62,(anonymous_0)
FNDA:150,(anonymous_1)
FNDA:150,(anonymous_2)
FNDA:150,(anonymous_3)
FNDA:150,(anonymous_4)
FNDA:150,(anonymous_5)
FNDA:1,(anonymous_6)
FNDA:1,(anonymous_7)
FNDA:1,(anonymous_8)
DA:6,4
DA:10,4
DA:41,4
DA:48,62
DA:49,150
DA:50,62
DA:52,150
DA:53,62
DA:54,150
DA:57,62
DA:61,62
DA:62,150
DA:64,62
DA:97,1
DA:130,1
DA:134,1
LF:16
LH:16
BRDA:67,0,0,62
BRDA:67,0,1,0
BRDA:114,1,0,1
BRDA:114,1,1,0
BRDA:115,2,0,1
BRDA:115,2,1,0
BRDA:116,3,0,1
BRDA:116,3,1,0
BRF:8
BRH:4
end_of_record
TN:
SF:src\core\validators.ts
FN:15,(anonymous_0)
FN:19,(anonymous_1)
FN:22,(anonymous_2)
FN:29,(anonymous_3)
FN:36,(anonymous_4)
FN:46,(anonymous_5)
FN:50,(anonymous_6)
FN:73,(anonymous_7)
FN:80,(anonymous_8)
FN:84,(anonymous_9)
FN:88,(anonymous_10)
FNF:11
FNH:11
FNDA:11,(anonymous_0)
FNDA:11,(anonymous_1)
FNDA:11,(anonymous_2)
FNDA:11,(anonymous_3)
FNDA:11,(anonymous_4)
FNDA:34,(anonymous_5)
FNDA:11,(anonymous_6)
FNDA:3,(anonymous_7)
FNDA:4,(anonymous_8)
FNDA:4,(anonymous_9)
FNDA:4,(anonymous_10)
DA:12,1
DA:13,11
DA:16,11
DA:20,11
DA:23,11
DA:27,11
DA:30,11
DA:34,11
DA:37,11
DA:38,11
DA:47,34
DA:51,11
DA:53,11
DA:54,34
DA:55,34
DA:56,8
DA:59,0
DA:65,11
DA:72,1
DA:77,3
DA:81,4
DA:85,4
DA:91,4
LF:23
LH:22
BRDA:23,0,0,11
BRDA:23,0,1,11
BRDA:30,1,0,11
BRDA:30,1,1,11
BRDA:37,2,0,0
BRDA:55,3,0,8
BRDA:60,4,0,0
BRDA:60,4,1,0
BRDA:77,5,0,3
BRDA:77,5,1,2
BRDA:81,6,0,4
BRDA:81,6,1,3
BRDA:85,7,0,4
BRDA:85,7,1,3
BRF:14
BRH:11
end_of_record
